2021-06-10 09:11:33.856 [http-nio-8085-exec-1] DEBUG c.a.q.d.U.selectAllByName -==>  Preparing: SELECT id, username, password, status FROM user_info WHERE username = ? AND status = "1" 
2021-06-10 09:11:33.856 [http-nio-8085-exec-1] DEBUG c.a.q.d.U.selectAllByName -==>  Preparing: SELECT id, username, password, status FROM user_info WHERE username = ? AND status = "1" 
2021-06-10 09:11:33.868 [http-nio-8085-exec-1] DEBUG c.a.q.d.U.selectAllByName -==> Parameters: admin(String)
2021-06-10 09:11:33.868 [http-nio-8085-exec-1] DEBUG c.a.q.d.U.selectAllByName -==> Parameters: admin(String)
2021-06-10 09:11:33.905 [http-nio-8085-exec-1] DEBUG c.a.q.d.U.selectAllByName -<==      Total: 2
2021-06-10 09:11:33.905 [http-nio-8085-exec-1] DEBUG c.a.q.d.U.selectAllByName -<==      Total: 2
2021-06-10 09:11:34.441 [http-nio-8085-exec-2] DEBUG c.a.q.d.U.selectAllByName -==>  Preparing: SELECT id, username, password, status FROM user_info WHERE username = ? AND status = "1" 
2021-06-10 09:11:34.441 [http-nio-8085-exec-2] DEBUG c.a.q.d.U.selectAllByName -==>  Preparing: SELECT id, username, password, status FROM user_info WHERE username = ? AND status = "1" 
2021-06-10 09:11:34.441 [http-nio-8085-exec-2] DEBUG c.a.q.d.U.selectAllByName -==> Parameters: admin(String)
2021-06-10 09:11:34.441 [http-nio-8085-exec-2] DEBUG c.a.q.d.U.selectAllByName -==> Parameters: admin(String)
2021-06-10 09:11:34.465 [http-nio-8085-exec-2] DEBUG c.a.q.d.U.selectAllByName -<==      Total: 2
2021-06-10 09:11:34.465 [http-nio-8085-exec-2] DEBUG c.a.q.d.U.selectAllByName -<==      Total: 2
2021-06-10 09:11:34.750 [http-nio-8085-exec-3] DEBUG c.a.q.d.U.selectAllByName -==>  Preparing: SELECT id, username, password, status FROM user_info WHERE username = ? AND status = "1" 
2021-06-10 09:11:34.750 [http-nio-8085-exec-3] DEBUG c.a.q.d.U.selectAllByName -==>  Preparing: SELECT id, username, password, status FROM user_info WHERE username = ? AND status = "1" 
2021-06-10 09:11:34.751 [http-nio-8085-exec-3] DEBUG c.a.q.d.U.selectAllByName -==> Parameters: admin(String)
2021-06-10 09:11:34.751 [http-nio-8085-exec-3] DEBUG c.a.q.d.U.selectAllByName -==> Parameters: admin(String)
2021-06-10 09:11:34.773 [http-nio-8085-exec-3] DEBUG c.a.q.d.U.selectAllByName -<==      Total: 2
2021-06-10 09:11:34.773 [http-nio-8085-exec-3] DEBUG c.a.q.d.U.selectAllByName -<==      Total: 2
2021-06-10 09:24:04.695 [http-nio-8085-exec-1] DEBUG c.a.q.d.U.selectAllByName -==>  Preparing: SELECT id, username, password, status FROM user_info WHERE username = ? AND status = "1" 
2021-06-10 09:24:04.695 [http-nio-8085-exec-1] DEBUG c.a.q.d.U.selectAllByName -==>  Preparing: SELECT id, username, password, status FROM user_info WHERE username = ? AND status = "1" 
2021-06-10 09:24:04.706 [http-nio-8085-exec-1] DEBUG c.a.q.d.U.selectAllByName -==> Parameters: admin(String)
2021-06-10 09:24:04.706 [http-nio-8085-exec-1] DEBUG c.a.q.d.U.selectAllByName -==> Parameters: admin(String)
2021-06-10 09:24:04.741 [http-nio-8085-exec-1] DEBUG c.a.q.d.U.selectAllByName -<==      Total: 1
2021-06-10 09:24:04.741 [http-nio-8085-exec-1] DEBUG c.a.q.d.U.selectAllByName -<==      Total: 1
2021-06-10 09:24:04.938 [http-nio-8085-exec-6] DEBUG c.a.q.d.P.queryProjectList -==>  Preparing: SELECT id,project_name as projectName,project_content as projectContent,creation_date as createDate FROM project_info WHERE 1 = 1 AND created_by = ? ORDER BY creation_date DESC 
2021-06-10 09:24:04.938 [http-nio-8085-exec-6] DEBUG c.a.q.d.P.queryProjectList -==>  Preparing: SELECT id,project_name as projectName,project_content as projectContent,creation_date as createDate FROM project_info WHERE 1 = 1 AND created_by = ? ORDER BY creation_date DESC 
2021-06-10 09:24:04.938 [http-nio-8085-exec-6] DEBUG c.a.q.d.P.queryProjectList -==> Parameters: admin(String)
2021-06-10 09:24:04.938 [http-nio-8085-exec-6] DEBUG c.a.q.d.P.queryProjectList -==> Parameters: admin(String)
2021-06-10 09:24:04.964 [http-nio-8085-exec-6] DEBUG c.a.q.d.P.queryProjectList -<==      Total: 12
2021-06-10 09:24:04.964 [http-nio-8085-exec-6] DEBUG c.a.q.d.P.queryProjectList -<==      Total: 12
2021-06-10 09:25:37.889 [http-nio-8085-exec-4] DEBUG c.a.q.d.P.queryProjectList -==>  Preparing: SELECT id,project_name as projectName,project_content as projectContent,creation_date as createDate FROM project_info WHERE 1 = 1 AND created_by = ? ORDER BY creation_date DESC 
2021-06-10 09:25:37.889 [http-nio-8085-exec-4] DEBUG c.a.q.d.P.queryProjectList -==>  Preparing: SELECT id,project_name as projectName,project_content as projectContent,creation_date as createDate FROM project_info WHERE 1 = 1 AND created_by = ? ORDER BY creation_date DESC 
2021-06-10 09:25:37.901 [http-nio-8085-exec-4] DEBUG c.a.q.d.P.queryProjectList -==> Parameters: admin(String)
2021-06-10 09:25:37.901 [http-nio-8085-exec-4] DEBUG c.a.q.d.P.queryProjectList -==> Parameters: admin(String)
2021-06-10 09:25:37.931 [http-nio-8085-exec-4] DEBUG c.a.q.d.P.queryProjectList -<==      Total: 12
2021-06-10 09:25:37.931 [http-nio-8085-exec-4] DEBUG c.a.q.d.P.queryProjectList -<==      Total: 12
2021-06-10 09:25:48.378 [http-nio-8085-exec-8] DEBUG c.a.q.d.U.selectAllByName -==>  Preparing: SELECT id, username, password, status FROM user_info WHERE username = ? AND status = "1" 
2021-06-10 09:25:48.378 [http-nio-8085-exec-8] DEBUG c.a.q.d.U.selectAllByName -==>  Preparing: SELECT id, username, password, status FROM user_info WHERE username = ? AND status = "1" 
2021-06-10 09:25:48.378 [http-nio-8085-exec-8] DEBUG c.a.q.d.U.selectAllByName -==> Parameters: admin(String)
2021-06-10 09:25:48.378 [http-nio-8085-exec-8] DEBUG c.a.q.d.U.selectAllByName -==> Parameters: admin(String)
2021-06-10 09:25:48.398 [http-nio-8085-exec-8] DEBUG c.a.q.d.U.selectAllByName -<==      Total: 1
2021-06-10 09:25:48.398 [http-nio-8085-exec-8] DEBUG c.a.q.d.U.selectAllByName -<==      Total: 1
2021-06-10 09:25:48.485 [http-nio-8085-exec-9] DEBUG c.a.q.d.P.queryProjectList -==>  Preparing: SELECT id,project_name as projectName,project_content as projectContent,creation_date as createDate FROM project_info WHERE 1 = 1 AND created_by = ? ORDER BY creation_date DESC 
2021-06-10 09:25:48.485 [http-nio-8085-exec-9] DEBUG c.a.q.d.P.queryProjectList -==>  Preparing: SELECT id,project_name as projectName,project_content as projectContent,creation_date as createDate FROM project_info WHERE 1 = 1 AND created_by = ? ORDER BY creation_date DESC 
2021-06-10 09:25:48.486 [http-nio-8085-exec-9] DEBUG c.a.q.d.P.queryProjectList -==> Parameters: admin(String)
2021-06-10 09:25:48.486 [http-nio-8085-exec-9] DEBUG c.a.q.d.P.queryProjectList -==> Parameters: admin(String)
2021-06-10 09:25:48.510 [http-nio-8085-exec-9] DEBUG c.a.q.d.P.queryProjectList -<==      Total: 12
2021-06-10 09:25:48.510 [http-nio-8085-exec-9] DEBUG c.a.q.d.P.queryProjectList -<==      Total: 12
2021-06-10 09:26:46.028 [http-nio-8085-exec-1] DEBUG c.a.q.d.P.queryProjectList -==>  Preparing: SELECT id,project_name as projectName,project_content as projectContent,creation_date as createDate FROM project_info WHERE 1 = 1 AND created_by = ? ORDER BY creation_date DESC 
2021-06-10 09:26:46.028 [http-nio-8085-exec-1] DEBUG c.a.q.d.P.queryProjectList -==>  Preparing: SELECT id,project_name as projectName,project_content as projectContent,creation_date as createDate FROM project_info WHERE 1 = 1 AND created_by = ? ORDER BY creation_date DESC 
2021-06-10 09:26:46.029 [http-nio-8085-exec-1] DEBUG c.a.q.d.P.queryProjectList -==> Parameters: admin(String)
2021-06-10 09:26:46.029 [http-nio-8085-exec-1] DEBUG c.a.q.d.P.queryProjectList -==> Parameters: admin(String)
2021-06-10 09:26:46.065 [http-nio-8085-exec-1] DEBUG c.a.q.d.P.queryProjectList -<==      Total: 12
2021-06-10 09:26:46.065 [http-nio-8085-exec-1] DEBUG c.a.q.d.P.queryProjectList -<==      Total: 12
2021-06-10 10:00:12.016 [http-nio-8085-exec-3] DEBUG c.a.q.d.P.queryProjectList -==>  Preparing: SELECT id,project_name as projectName,project_content as projectContent,creation_date as createDate FROM project_info WHERE 1 = 1 AND created_by = ? ORDER BY creation_date DESC 
2021-06-10 10:00:12.016 [http-nio-8085-exec-3] DEBUG c.a.q.d.P.queryProjectList -==>  Preparing: SELECT id,project_name as projectName,project_content as projectContent,creation_date as createDate FROM project_info WHERE 1 = 1 AND created_by = ? ORDER BY creation_date DESC 
2021-06-10 10:00:12.017 [http-nio-8085-exec-3] DEBUG c.a.q.d.P.queryProjectList -==> Parameters: admin(String)
2021-06-10 10:00:12.017 [http-nio-8085-exec-3] DEBUG c.a.q.d.P.queryProjectList -==> Parameters: admin(String)
2021-06-10 10:00:12.061 [http-nio-8085-exec-3] DEBUG c.a.q.d.P.queryProjectList -<==      Total: 14
2021-06-10 10:00:12.061 [http-nio-8085-exec-3] DEBUG c.a.q.d.P.queryProjectList -<==      Total: 14
2021-06-10 10:06:24.599 [http-nio-8085-exec-10] DEBUG c.a.q.d.P.queryProjectList -==>  Preparing: SELECT id,project_name as projectName,project_content as projectContent,creation_date as createDate FROM project_info WHERE 1 = 1 AND created_by = ? ORDER BY creation_date DESC 
2021-06-10 10:06:24.599 [http-nio-8085-exec-10] DEBUG c.a.q.d.P.queryProjectList -==>  Preparing: SELECT id,project_name as projectName,project_content as projectContent,creation_date as createDate FROM project_info WHERE 1 = 1 AND created_by = ? ORDER BY creation_date DESC 
2021-06-10 10:06:24.599 [http-nio-8085-exec-10] DEBUG c.a.q.d.P.queryProjectList -==> Parameters: admin(String)
2021-06-10 10:06:24.599 [http-nio-8085-exec-10] DEBUG c.a.q.d.P.queryProjectList -==> Parameters: admin(String)
2021-06-10 10:06:24.622 [http-nio-8085-exec-10] DEBUG c.a.q.d.P.queryProjectList -<==      Total: 15
2021-06-10 10:06:24.622 [http-nio-8085-exec-10] DEBUG c.a.q.d.P.queryProjectList -<==      Total: 15
2021-06-10 10:19:59.541 [http-nio-8085-exec-5] DEBUG c.a.q.d.U.selectAllByName -==>  Preparing: SELECT id, username, password, status FROM user_info WHERE username = ? AND status = "1" 
2021-06-10 10:19:59.541 [http-nio-8085-exec-5] DEBUG c.a.q.d.U.selectAllByName -==>  Preparing: SELECT id, username, password, status FROM user_info WHERE username = ? AND status = "1" 
2021-06-10 10:19:59.552 [http-nio-8085-exec-5] DEBUG c.a.q.d.U.selectAllByName -==> Parameters: admin(String)
2021-06-10 10:19:59.552 [http-nio-8085-exec-5] DEBUG c.a.q.d.U.selectAllByName -==> Parameters: admin(String)
2021-06-10 10:19:59.601 [http-nio-8085-exec-5] DEBUG c.a.q.d.U.selectAllByName -<==      Total: 1
2021-06-10 10:19:59.601 [http-nio-8085-exec-5] DEBUG c.a.q.d.U.selectAllByName -<==      Total: 1
2021-06-10 10:19:59.708 [http-nio-8085-exec-9] DEBUG c.a.q.d.P.queryProjectList -==>  Preparing: SELECT id,project_name as projectName,project_content as projectContent,creation_date as createDate FROM project_info WHERE 1 = 1 AND created_by = ? ORDER BY creation_date DESC 
2021-06-10 10:19:59.708 [http-nio-8085-exec-9] DEBUG c.a.q.d.P.queryProjectList -==>  Preparing: SELECT id,project_name as projectName,project_content as projectContent,creation_date as createDate FROM project_info WHERE 1 = 1 AND created_by = ? ORDER BY creation_date DESC 
2021-06-10 10:19:59.708 [http-nio-8085-exec-9] DEBUG c.a.q.d.P.queryProjectList -==> Parameters: admin(String)
2021-06-10 10:19:59.708 [http-nio-8085-exec-9] DEBUG c.a.q.d.P.queryProjectList -==> Parameters: admin(String)
2021-06-10 10:19:59.737 [http-nio-8085-exec-9] DEBUG c.a.q.d.P.queryProjectList -<==      Total: 15
2021-06-10 10:19:59.737 [http-nio-8085-exec-9] DEBUG c.a.q.d.P.queryProjectList -<==      Total: 15
2021-06-10 10:23:26.394 [http-nio-8085-exec-7] DEBUG c.a.q.d.U.insertUserInfo -==>  Preparing: insert into user_info (id, username, password, start_time, stop_time, status, created_by, creation_date, last_updated_by, last_update_date) values (?, ?, ?, ?, ?, ?, ?, ?, ?, ?) 
2021-06-10 10:23:26.394 [http-nio-8085-exec-7] DEBUG c.a.q.d.U.insertUserInfo -==>  Preparing: insert into user_info (id, username, password, start_time, stop_time, status, created_by, creation_date, last_updated_by, last_update_date) values (?, ?, ?, ?, ?, ?, ?, ?, ?, ?) 
2021-06-10 10:23:26.406 [http-nio-8085-exec-7] DEBUG c.a.q.d.U.insertUserInfo -==> Parameters: dcb13a4953764fa89d83795731a7dfbf(String), asdf1234(String), 1234(String), 2021-06-10 10:23:18.0(Timestamp), 2021-07-10 10:23:18.0(Timestamp), 1(String), admin(String), 2021-06-10 10:23:26.354(Timestamp), admin(String), 2021-06-10 10:23:26.354(Timestamp)
2021-06-10 10:23:26.406 [http-nio-8085-exec-7] DEBUG c.a.q.d.U.insertUserInfo -==> Parameters: dcb13a4953764fa89d83795731a7dfbf(String), asdf1234(String), 1234(String), 2021-06-10 10:23:18.0(Timestamp), 2021-07-10 10:23:18.0(Timestamp), 1(String), admin(String), 2021-06-10 10:23:26.354(Timestamp), admin(String), 2021-06-10 10:23:26.354(Timestamp)
2021-06-10 10:23:26.481 [http-nio-8085-exec-7] DEBUG c.a.q.d.U.insertUserInfo -<==    Updates: 1
2021-06-10 10:23:26.481 [http-nio-8085-exec-7] DEBUG c.a.q.d.U.insertUserInfo -<==    Updates: 1
2021-06-10 10:24:23.367 [http-nio-8085-exec-5] DEBUG c.a.q.d.U.insertUserInfo -==>  Preparing: insert into user_info (id, username, password, start_time, stop_time, status, created_by, creation_date, last_updated_by, last_update_date) values (?, ?, ?, ?, ?, ?, ?, ?, ?, ?) 
2021-06-10 10:24:23.367 [http-nio-8085-exec-5] DEBUG c.a.q.d.U.insertUserInfo -==>  Preparing: insert into user_info (id, username, password, start_time, stop_time, status, created_by, creation_date, last_updated_by, last_update_date) values (?, ?, ?, ?, ?, ?, ?, ?, ?, ?) 
2021-06-10 10:24:23.368 [http-nio-8085-exec-5] DEBUG c.a.q.d.U.insertUserInfo -==> Parameters: f1e4e4d3ce2a42b89f934b14f05e1242(String), asdfff(String), 1234(String), 2021-06-10 10:24:17.0(Timestamp), 2021-07-10 10:24:17.0(Timestamp), 1(String), admin(String), 2021-06-10 10:24:23.245(Timestamp), admin(String), 2021-06-10 10:24:23.245(Timestamp)
2021-06-10 10:24:23.368 [http-nio-8085-exec-5] DEBUG c.a.q.d.U.insertUserInfo -==> Parameters: f1e4e4d3ce2a42b89f934b14f05e1242(String), asdfff(String), 1234(String), 2021-06-10 10:24:17.0(Timestamp), 2021-07-10 10:24:17.0(Timestamp), 1(String), admin(String), 2021-06-10 10:24:23.245(Timestamp), admin(String), 2021-06-10 10:24:23.245(Timestamp)
2021-06-10 10:24:23.557 [http-nio-8085-exec-5] DEBUG c.a.q.d.U.insertUserInfo -<==    Updates: 1
2021-06-10 10:24:23.557 [http-nio-8085-exec-5] DEBUG c.a.q.d.U.insertUserInfo -<==    Updates: 1
2021-06-10 10:35:47.374 [http-nio-8085-exec-4] DEBUG c.a.q.d.U.insertUserInfo -==>  Preparing: insert into user_info (id, username, password, start_time, stop_time, status, created_by, creation_date, last_updated_by, last_update_date) values (?, ?, ?, ?, ?, ?, ?, ?, ?, ?) 
2021-06-10 10:35:47.374 [http-nio-8085-exec-4] DEBUG c.a.q.d.U.insertUserInfo -==>  Preparing: insert into user_info (id, username, password, start_time, stop_time, status, created_by, creation_date, last_updated_by, last_update_date) values (?, ?, ?, ?, ?, ?, ?, ?, ?, ?) 
2021-06-10 10:35:47.386 [http-nio-8085-exec-4] DEBUG c.a.q.d.U.insertUserInfo -==> Parameters: 2a2023673f0b4bf39a1b762436ac8d73(String), 20184409(String), 20184409(String), 2021-06-10 10:35:40.0(Timestamp), 2021-07-10 10:35:40.0(Timestamp), 1(String), admin(String), 2021-06-10 10:35:47.326(Timestamp), admin(String), 2021-06-10 10:35:47.326(Timestamp)
2021-06-10 10:35:47.386 [http-nio-8085-exec-4] DEBUG c.a.q.d.U.insertUserInfo -==> Parameters: 2a2023673f0b4bf39a1b762436ac8d73(String), 20184409(String), 20184409(String), 2021-06-10 10:35:40.0(Timestamp), 2021-07-10 10:35:40.0(Timestamp), 1(String), admin(String), 2021-06-10 10:35:47.326(Timestamp), admin(String), 2021-06-10 10:35:47.326(Timestamp)
2021-06-10 10:35:47.475 [http-nio-8085-exec-4] DEBUG c.a.q.d.U.insertUserInfo -<==    Updates: 1
2021-06-10 10:35:47.475 [http-nio-8085-exec-4] DEBUG c.a.q.d.U.insertUserInfo -<==    Updates: 1
2021-06-10 10:49:01.765 [http-nio-8085-exec-4] DEBUG c.a.q.d.U.selectAllByName -==>  Preparing: SELECT id, username, password, status FROM user_info WHERE username = ? AND status = "1" 
2021-06-10 10:49:01.765 [http-nio-8085-exec-4] DEBUG c.a.q.d.U.selectAllByName -==>  Preparing: SELECT id, username, password, status FROM user_info WHERE username = ? AND status = "1" 
2021-06-10 10:49:01.775 [http-nio-8085-exec-4] DEBUG c.a.q.d.U.selectAllByName -==> Parameters: 20184409(String)
2021-06-10 10:49:01.775 [http-nio-8085-exec-4] DEBUG c.a.q.d.U.selectAllByName -==> Parameters: 20184409(String)
2021-06-10 10:49:01.809 [http-nio-8085-exec-4] DEBUG c.a.q.d.U.selectAllByName -<==      Total: 1
2021-06-10 10:49:01.809 [http-nio-8085-exec-4] DEBUG c.a.q.d.U.selectAllByName -<==      Total: 1
2021-06-10 10:49:01.921 [http-nio-8085-exec-5] DEBUG c.a.q.d.P.queryProjectList -==>  Preparing: SELECT id,project_name as projectName,project_content as projectContent,creation_date as createDate FROM project_info WHERE 1 = 1 AND created_by = ? ORDER BY creation_date DESC 
2021-06-10 10:49:01.921 [http-nio-8085-exec-5] DEBUG c.a.q.d.P.queryProjectList -==>  Preparing: SELECT id,project_name as projectName,project_content as projectContent,creation_date as createDate FROM project_info WHERE 1 = 1 AND created_by = ? ORDER BY creation_date DESC 
2021-06-10 10:49:01.921 [http-nio-8085-exec-5] DEBUG c.a.q.d.P.queryProjectList -==> Parameters: 20184409(String)
2021-06-10 10:49:01.921 [http-nio-8085-exec-5] DEBUG c.a.q.d.P.queryProjectList -==> Parameters: 20184409(String)
2021-06-10 10:49:01.969 [http-nio-8085-exec-5] DEBUG c.a.q.d.P.queryProjectList -<==      Total: 0
2021-06-10 10:49:01.969 [http-nio-8085-exec-5] DEBUG c.a.q.d.P.queryProjectList -<==      Total: 0
2021-06-10 10:49:10.400 [http-nio-8085-exec-6] DEBUG c.a.q.d.U.selectAllByName -==>  Preparing: SELECT id, username, password, status FROM user_info WHERE username = ? AND status = "1" 
2021-06-10 10:49:10.400 [http-nio-8085-exec-6] DEBUG c.a.q.d.U.selectAllByName -==>  Preparing: SELECT id, username, password, status FROM user_info WHERE username = ? AND status = "1" 
2021-06-10 10:49:10.400 [http-nio-8085-exec-6] DEBUG c.a.q.d.U.selectAllByName -==> Parameters: admin(String)
2021-06-10 10:49:10.400 [http-nio-8085-exec-6] DEBUG c.a.q.d.U.selectAllByName -==> Parameters: admin(String)
2021-06-10 10:49:10.423 [http-nio-8085-exec-6] DEBUG c.a.q.d.U.selectAllByName -<==      Total: 1
2021-06-10 10:49:10.423 [http-nio-8085-exec-6] DEBUG c.a.q.d.U.selectAllByName -<==      Total: 1
2021-06-10 10:49:10.503 [http-nio-8085-exec-7] DEBUG c.a.q.d.P.queryProjectList -==>  Preparing: SELECT id,project_name as projectName,project_content as projectContent,creation_date as createDate FROM project_info WHERE 1 = 1 AND created_by = ? ORDER BY creation_date DESC 
2021-06-10 10:49:10.503 [http-nio-8085-exec-7] DEBUG c.a.q.d.P.queryProjectList -==>  Preparing: SELECT id,project_name as projectName,project_content as projectContent,creation_date as createDate FROM project_info WHERE 1 = 1 AND created_by = ? ORDER BY creation_date DESC 
2021-06-10 10:49:10.503 [http-nio-8085-exec-7] DEBUG c.a.q.d.P.queryProjectList -==> Parameters: admin(String)
2021-06-10 10:49:10.503 [http-nio-8085-exec-7] DEBUG c.a.q.d.P.queryProjectList -==> Parameters: admin(String)
2021-06-10 10:49:10.530 [http-nio-8085-exec-7] DEBUG c.a.q.d.P.queryProjectList -<==      Total: 15
2021-06-10 10:49:10.530 [http-nio-8085-exec-7] DEBUG c.a.q.d.P.queryProjectList -<==      Total: 15
2021-06-10 10:49:34.016 [http-nio-8085-exec-10] DEBUG c.a.q.d.U.insertUserInfo -==>  Preparing: insert into user_info (id, username, password, start_time, stop_time, status, created_by, creation_date, last_updated_by, last_update_date) values (?, ?, ?, ?, ?, ?, ?, ?, ?, ?) 
2021-06-10 10:49:34.016 [http-nio-8085-exec-10] DEBUG c.a.q.d.U.insertUserInfo -==>  Preparing: insert into user_info (id, username, password, start_time, stop_time, status, created_by, creation_date, last_updated_by, last_update_date) values (?, ?, ?, ?, ?, ?, ?, ?, ?, ?) 
2021-06-10 10:49:34.018 [http-nio-8085-exec-10] DEBUG c.a.q.d.U.insertUserInfo -==> Parameters: 36cfddaae6c245d58419adbcefb68443(String), cr(String), 20184409(String), 2021-06-10 10:49:15.0(Timestamp), 2021-07-10 10:49:15.0(Timestamp), 1(String), admin(String), 2021-06-10 10:49:33.994(Timestamp), admin(String), 2021-06-10 10:49:33.994(Timestamp)
2021-06-10 10:49:34.018 [http-nio-8085-exec-10] DEBUG c.a.q.d.U.insertUserInfo -==> Parameters: 36cfddaae6c245d58419adbcefb68443(String), cr(String), 20184409(String), 2021-06-10 10:49:15.0(Timestamp), 2021-07-10 10:49:15.0(Timestamp), 1(String), admin(String), 2021-06-10 10:49:33.994(Timestamp), admin(String), 2021-06-10 10:49:33.994(Timestamp)
2021-06-10 10:49:34.064 [http-nio-8085-exec-10] DEBUG c.a.q.d.U.insertUserInfo -<==    Updates: 1
2021-06-10 10:49:34.064 [http-nio-8085-exec-10] DEBUG c.a.q.d.U.insertUserInfo -<==    Updates: 1
2021-06-10 10:54:44.835 [http-nio-8085-exec-7] DEBUG c.a.q.d.U.insertUserInfo -==>  Preparing: insert into user_info (id, username, password, start_time, stop_time, status, created_by, creation_date, last_updated_by, last_update_date) values (?, ?, ?, ?, ?, ?, ?, ?, ?, ?) 
2021-06-10 10:54:44.835 [http-nio-8085-exec-7] DEBUG c.a.q.d.U.insertUserInfo -==>  Preparing: insert into user_info (id, username, password, start_time, stop_time, status, created_by, creation_date, last_updated_by, last_update_date) values (?, ?, ?, ?, ?, ?, ?, ?, ?, ?) 
2021-06-10 10:54:44.852 [http-nio-8085-exec-7] DEBUG c.a.q.d.U.insertUserInfo -==> Parameters: b754adaa8fc24894ac661f56b78f7480(String), 服务错误程序无法启动(String), 我能怎么办(String), 2021-06-10 10:53:51.0(Timestamp), 2021-07-10 10:53:51.0(Timestamp), 1(String), admin(String), 2021-06-10 10:54:44.801(Timestamp), admin(String), 2021-06-10 10:54:44.801(Timestamp)
2021-06-10 10:54:44.852 [http-nio-8085-exec-7] DEBUG c.a.q.d.U.insertUserInfo -==> Parameters: b754adaa8fc24894ac661f56b78f7480(String), 服务错误程序无法启动(String), 我能怎么办(String), 2021-06-10 10:53:51.0(Timestamp), 2021-07-10 10:53:51.0(Timestamp), 1(String), admin(String), 2021-06-10 10:54:44.801(Timestamp), admin(String), 2021-06-10 10:54:44.801(Timestamp)
2021-06-10 10:54:44.901 [http-nio-8085-exec-7] DEBUG c.a.q.d.U.insertUserInfo -<==    Updates: 1
2021-06-10 10:54:44.901 [http-nio-8085-exec-7] DEBUG c.a.q.d.U.insertUserInfo -<==    Updates: 1
2021-06-10 11:00:03.411 [http-nio-8085-exec-4] DEBUG c.a.q.d.U.insertUserInfo -==>  Preparing: insert into user_info (id, username, password, start_time, stop_time, status, created_by, creation_date, last_updated_by, last_update_date) values (?, ?, ?, ?, ?, ?, ?, ?, ?, ?) 
2021-06-10 11:00:03.411 [http-nio-8085-exec-4] DEBUG c.a.q.d.U.insertUserInfo -==>  Preparing: insert into user_info (id, username, password, start_time, stop_time, status, created_by, creation_date, last_updated_by, last_update_date) values (?, ?, ?, ?, ?, ?, ?, ?, ?, ?) 
2021-06-10 11:00:03.423 [http-nio-8085-exec-4] DEBUG c.a.q.d.U.insertUserInfo -==> Parameters: 4d938fe66ece4a5a80b2fb963bb4af85(String), testCR(String), 123455(String), 2021-06-10 10:59:57.0(Timestamp), 2021-07-10 10:59:57.0(Timestamp), 1(String), admin(String), 2021-06-10 11:00:03.371(Timestamp), admin(String), 2021-06-10 11:00:03.371(Timestamp)
2021-06-10 11:00:03.423 [http-nio-8085-exec-4] DEBUG c.a.q.d.U.insertUserInfo -==> Parameters: 4d938fe66ece4a5a80b2fb963bb4af85(String), testCR(String), 123455(String), 2021-06-10 10:59:57.0(Timestamp), 2021-07-10 10:59:57.0(Timestamp), 1(String), admin(String), 2021-06-10 11:00:03.371(Timestamp), admin(String), 2021-06-10 11:00:03.371(Timestamp)
2021-06-10 11:00:03.474 [http-nio-8085-exec-4] DEBUG c.a.q.d.U.insertUserInfo -<==    Updates: 1
2021-06-10 11:00:03.474 [http-nio-8085-exec-4] DEBUG c.a.q.d.U.insertUserInfo -<==    Updates: 1
2021-06-10 11:00:33.693 [http-nio-8085-exec-1] DEBUG c.a.q.d.U.insertUserInfo -==>  Preparing: insert into user_info (id, username, password, start_time, stop_time, status, created_by, creation_date, last_updated_by, last_update_date) values (?, ?, ?, ?, ?, ?, ?, ?, ?, ?) 
2021-06-10 11:00:33.693 [http-nio-8085-exec-1] DEBUG c.a.q.d.U.insertUserInfo -==>  Preparing: insert into user_info (id, username, password, start_time, stop_time, status, created_by, creation_date, last_updated_by, last_update_date) values (?, ?, ?, ?, ?, ?, ?, ?, ?, ?) 
2021-06-10 11:00:33.695 [http-nio-8085-exec-1] DEBUG c.a.q.d.U.insertUserInfo -==> Parameters: fe9c23224c034422b2f6513fe85e09f9(String), userTEST(String), TEST(String), 2021-06-10 11:00:26.0(Timestamp), 2021-07-10 11:00:26.0(Timestamp), 1(String), admin(String), 2021-06-10 11:00:33.66(Timestamp), admin(String), 2021-06-10 11:00:33.66(Timestamp)
2021-06-10 11:00:33.695 [http-nio-8085-exec-1] DEBUG c.a.q.d.U.insertUserInfo -==> Parameters: fe9c23224c034422b2f6513fe85e09f9(String), userTEST(String), TEST(String), 2021-06-10 11:00:26.0(Timestamp), 2021-07-10 11:00:26.0(Timestamp), 1(String), admin(String), 2021-06-10 11:00:33.66(Timestamp), admin(String), 2021-06-10 11:00:33.66(Timestamp)
2021-06-10 11:00:33.793 [http-nio-8085-exec-1] DEBUG c.a.q.d.U.insertUserInfo -<==    Updates: 1
2021-06-10 11:00:33.793 [http-nio-8085-exec-1] DEBUG c.a.q.d.U.insertUserInfo -<==    Updates: 1
2021-06-10 11:01:52.003 [http-nio-8085-exec-9] DEBUG c.a.q.d.U.insertUserInfo -==>  Preparing: insert into user_info (id, username, password, start_time, stop_time, status, created_by, creation_date, last_updated_by, last_update_date) values (?, ?, ?, ?, ?, ?, ?, ?, ?, ?) 
2021-06-10 11:01:52.003 [http-nio-8085-exec-9] DEBUG c.a.q.d.U.insertUserInfo -==>  Preparing: insert into user_info (id, username, password, start_time, stop_time, status, created_by, creation_date, last_updated_by, last_update_date) values (?, ?, ?, ?, ?, ?, ?, ?, ?, ?) 
2021-06-10 11:01:52.014 [http-nio-8085-exec-9] DEBUG c.a.q.d.U.insertUserInfo -==> Parameters: a527f9bbc24c4255846c026dbdf6c057(String), asdflying(String), asdf(String), 2021-06-10 11:01:23.0(Timestamp), 2021-07-10 11:01:23.0(Timestamp), 1(String), admin(String), 2021-06-10 11:01:51.97(Timestamp), admin(String), 2021-06-10 11:01:51.97(Timestamp)
2021-06-10 11:01:52.014 [http-nio-8085-exec-9] DEBUG c.a.q.d.U.insertUserInfo -==> Parameters: a527f9bbc24c4255846c026dbdf6c057(String), asdflying(String), asdf(String), 2021-06-10 11:01:23.0(Timestamp), 2021-07-10 11:01:23.0(Timestamp), 1(String), admin(String), 2021-06-10 11:01:51.97(Timestamp), admin(String), 2021-06-10 11:01:51.97(Timestamp)
2021-06-10 11:01:52.083 [http-nio-8085-exec-9] DEBUG c.a.q.d.U.insertUserInfo -<==    Updates: 1
2021-06-10 11:01:52.083 [http-nio-8085-exec-9] DEBUG c.a.q.d.U.insertUserInfo -<==    Updates: 1
2021-06-10 11:01:54.015 [http-nio-8085-exec-10] DEBUG c.a.q.d.U.insertUserInfo -==>  Preparing: insert into user_info (id, username, password, start_time, stop_time, status, created_by, creation_date, last_updated_by, last_update_date) values (?, ?, ?, ?, ?, ?, ?, ?, ?, ?) 
2021-06-10 11:01:54.015 [http-nio-8085-exec-10] DEBUG c.a.q.d.U.insertUserInfo -==>  Preparing: insert into user_info (id, username, password, start_time, stop_time, status, created_by, creation_date, last_updated_by, last_update_date) values (?, ?, ?, ?, ?, ?, ?, ?, ?, ?) 
2021-06-10 11:01:54.016 [http-nio-8085-exec-10] DEBUG c.a.q.d.U.insertUserInfo -==> Parameters: f69e8624e35a4fc4865e3c071f7cbd58(String), asdflying(String), asdf(String), 2021-06-10 11:01:23.0(Timestamp), 2021-07-10 11:01:23.0(Timestamp), 1(String), admin(String), 2021-06-10 11:01:53.994(Timestamp), admin(String), 2021-06-10 11:01:53.994(Timestamp)
2021-06-10 11:01:54.016 [http-nio-8085-exec-10] DEBUG c.a.q.d.U.insertUserInfo -==> Parameters: f69e8624e35a4fc4865e3c071f7cbd58(String), asdflying(String), asdf(String), 2021-06-10 11:01:23.0(Timestamp), 2021-07-10 11:01:23.0(Timestamp), 1(String), admin(String), 2021-06-10 11:01:53.994(Timestamp), admin(String), 2021-06-10 11:01:53.994(Timestamp)
2021-06-10 11:01:54.064 [http-nio-8085-exec-10] DEBUG c.a.q.d.U.insertUserInfo -<==    Updates: 1
2021-06-10 11:01:54.064 [http-nio-8085-exec-10] DEBUG c.a.q.d.U.insertUserInfo -<==    Updates: 1
2021-06-10 11:01:54.271 [http-nio-8085-exec-7] DEBUG c.a.q.d.U.insertUserInfo -==>  Preparing: insert into user_info (id, username, password, start_time, stop_time, status, created_by, creation_date, last_updated_by, last_update_date) values (?, ?, ?, ?, ?, ?, ?, ?, ?, ?) 
2021-06-10 11:01:54.271 [http-nio-8085-exec-7] DEBUG c.a.q.d.U.insertUserInfo -==>  Preparing: insert into user_info (id, username, password, start_time, stop_time, status, created_by, creation_date, last_updated_by, last_update_date) values (?, ?, ?, ?, ?, ?, ?, ?, ?, ?) 
2021-06-10 11:01:54.273 [http-nio-8085-exec-7] DEBUG c.a.q.d.U.insertUserInfo -==> Parameters: 5dd56947c6e941798e914826515e65f4(String), asdflying(String), asdf(String), 2021-06-10 11:01:23.0(Timestamp), 2021-07-10 11:01:23.0(Timestamp), 1(String), admin(String), 2021-06-10 11:01:54.271(Timestamp), admin(String), 2021-06-10 11:01:54.271(Timestamp)
2021-06-10 11:01:54.273 [http-nio-8085-exec-7] DEBUG c.a.q.d.U.insertUserInfo -==> Parameters: 5dd56947c6e941798e914826515e65f4(String), asdflying(String), asdf(String), 2021-06-10 11:01:23.0(Timestamp), 2021-07-10 11:01:23.0(Timestamp), 1(String), admin(String), 2021-06-10 11:01:54.271(Timestamp), admin(String), 2021-06-10 11:01:54.271(Timestamp)
2021-06-10 11:01:54.323 [http-nio-8085-exec-7] DEBUG c.a.q.d.U.insertUserInfo -<==    Updates: 1
2021-06-10 11:01:54.323 [http-nio-8085-exec-7] DEBUG c.a.q.d.U.insertUserInfo -<==    Updates: 1
2021-06-10 11:01:54.443 [http-nio-8085-exec-8] DEBUG c.a.q.d.U.insertUserInfo -==>  Preparing: insert into user_info (id, username, password, start_time, stop_time, status, created_by, creation_date, last_updated_by, last_update_date) values (?, ?, ?, ?, ?, ?, ?, ?, ?, ?) 
2021-06-10 11:01:54.443 [http-nio-8085-exec-8] DEBUG c.a.q.d.U.insertUserInfo -==>  Preparing: insert into user_info (id, username, password, start_time, stop_time, status, created_by, creation_date, last_updated_by, last_update_date) values (?, ?, ?, ?, ?, ?, ?, ?, ?, ?) 
2021-06-10 11:01:54.444 [http-nio-8085-exec-8] DEBUG c.a.q.d.U.insertUserInfo -==> Parameters: 6f27887ff0354f229536c78e8d2fbfcb(String), asdflying(String), asdf(String), 2021-06-10 11:01:23.0(Timestamp), 2021-07-10 11:01:23.0(Timestamp), 1(String), admin(String), 2021-06-10 11:01:54.443(Timestamp), admin(String), 2021-06-10 11:01:54.443(Timestamp)
2021-06-10 11:01:54.444 [http-nio-8085-exec-8] DEBUG c.a.q.d.U.insertUserInfo -==> Parameters: 6f27887ff0354f229536c78e8d2fbfcb(String), asdflying(String), asdf(String), 2021-06-10 11:01:23.0(Timestamp), 2021-07-10 11:01:23.0(Timestamp), 1(String), admin(String), 2021-06-10 11:01:54.443(Timestamp), admin(String), 2021-06-10 11:01:54.443(Timestamp)
2021-06-10 11:01:54.492 [http-nio-8085-exec-8] DEBUG c.a.q.d.U.insertUserInfo -<==    Updates: 1
2021-06-10 11:01:54.492 [http-nio-8085-exec-8] DEBUG c.a.q.d.U.insertUserInfo -<==    Updates: 1
2021-06-10 11:01:54.611 [http-nio-8085-exec-5] DEBUG c.a.q.d.U.insertUserInfo -==>  Preparing: insert into user_info (id, username, password, start_time, stop_time, status, created_by, creation_date, last_updated_by, last_update_date) values (?, ?, ?, ?, ?, ?, ?, ?, ?, ?) 
2021-06-10 11:01:54.611 [http-nio-8085-exec-5] DEBUG c.a.q.d.U.insertUserInfo -==>  Preparing: insert into user_info (id, username, password, start_time, stop_time, status, created_by, creation_date, last_updated_by, last_update_date) values (?, ?, ?, ?, ?, ?, ?, ?, ?, ?) 
2021-06-10 11:01:54.613 [http-nio-8085-exec-5] DEBUG c.a.q.d.U.insertUserInfo -==> Parameters: d99b20584402496fb92d04efe2a2775e(String), asdflying(String), asdf(String), 2021-06-10 11:01:23.0(Timestamp), 2021-07-10 11:01:23.0(Timestamp), 1(String), admin(String), 2021-06-10 11:01:54.611(Timestamp), admin(String), 2021-06-10 11:01:54.611(Timestamp)
2021-06-10 11:01:54.613 [http-nio-8085-exec-5] DEBUG c.a.q.d.U.insertUserInfo -==> Parameters: d99b20584402496fb92d04efe2a2775e(String), asdflying(String), asdf(String), 2021-06-10 11:01:23.0(Timestamp), 2021-07-10 11:01:23.0(Timestamp), 1(String), admin(String), 2021-06-10 11:01:54.611(Timestamp), admin(String), 2021-06-10 11:01:54.611(Timestamp)
2021-06-10 11:01:54.659 [http-nio-8085-exec-5] DEBUG c.a.q.d.U.insertUserInfo -<==    Updates: 1
2021-06-10 11:01:54.659 [http-nio-8085-exec-5] DEBUG c.a.q.d.U.insertUserInfo -<==    Updates: 1
2021-06-10 11:01:54.773 [http-nio-8085-exec-6] DEBUG c.a.q.d.U.insertUserInfo -==>  Preparing: insert into user_info (id, username, password, start_time, stop_time, status, created_by, creation_date, last_updated_by, last_update_date) values (?, ?, ?, ?, ?, ?, ?, ?, ?, ?) 
2021-06-10 11:01:54.773 [http-nio-8085-exec-6] DEBUG c.a.q.d.U.insertUserInfo -==>  Preparing: insert into user_info (id, username, password, start_time, stop_time, status, created_by, creation_date, last_updated_by, last_update_date) values (?, ?, ?, ?, ?, ?, ?, ?, ?, ?) 
2021-06-10 11:01:54.773 [http-nio-8085-exec-6] DEBUG c.a.q.d.U.insertUserInfo -==> Parameters: c36172dafd4a403a8d606e495afdf7ea(String), asdflying(String), asdf(String), 2021-06-10 11:01:23.0(Timestamp), 2021-07-10 11:01:23.0(Timestamp), 1(String), admin(String), 2021-06-10 11:01:54.772(Timestamp), admin(String), 2021-06-10 11:01:54.772(Timestamp)
2021-06-10 11:01:54.773 [http-nio-8085-exec-6] DEBUG c.a.q.d.U.insertUserInfo -==> Parameters: c36172dafd4a403a8d606e495afdf7ea(String), asdflying(String), asdf(String), 2021-06-10 11:01:23.0(Timestamp), 2021-07-10 11:01:23.0(Timestamp), 1(String), admin(String), 2021-06-10 11:01:54.772(Timestamp), admin(String), 2021-06-10 11:01:54.772(Timestamp)
2021-06-10 11:01:54.819 [http-nio-8085-exec-6] DEBUG c.a.q.d.U.insertUserInfo -<==    Updates: 1
2021-06-10 11:01:54.819 [http-nio-8085-exec-6] DEBUG c.a.q.d.U.insertUserInfo -<==    Updates: 1
2021-06-10 11:01:54.935 [http-nio-8085-exec-1] DEBUG c.a.q.d.U.insertUserInfo -==>  Preparing: insert into user_info (id, username, password, start_time, stop_time, status, created_by, creation_date, last_updated_by, last_update_date) values (?, ?, ?, ?, ?, ?, ?, ?, ?, ?) 
2021-06-10 11:01:54.935 [http-nio-8085-exec-1] DEBUG c.a.q.d.U.insertUserInfo -==>  Preparing: insert into user_info (id, username, password, start_time, stop_time, status, created_by, creation_date, last_updated_by, last_update_date) values (?, ?, ?, ?, ?, ?, ?, ?, ?, ?) 
2021-06-10 11:01:54.936 [http-nio-8085-exec-1] DEBUG c.a.q.d.U.insertUserInfo -==> Parameters: 10c5fa1feca34392a2d7c89a23f6d66f(String), asdflying(String), asdf(String), 2021-06-10 11:01:23.0(Timestamp), 2021-07-10 11:01:23.0(Timestamp), 1(String), admin(String), 2021-06-10 11:01:54.934(Timestamp), admin(String), 2021-06-10 11:01:54.934(Timestamp)
2021-06-10 11:01:54.936 [http-nio-8085-exec-1] DEBUG c.a.q.d.U.insertUserInfo -==> Parameters: 10c5fa1feca34392a2d7c89a23f6d66f(String), asdflying(String), asdf(String), 2021-06-10 11:01:23.0(Timestamp), 2021-07-10 11:01:23.0(Timestamp), 1(String), admin(String), 2021-06-10 11:01:54.934(Timestamp), admin(String), 2021-06-10 11:01:54.934(Timestamp)
2021-06-10 11:01:54.981 [http-nio-8085-exec-1] DEBUG c.a.q.d.U.insertUserInfo -<==    Updates: 1
2021-06-10 11:01:54.981 [http-nio-8085-exec-1] DEBUG c.a.q.d.U.insertUserInfo -<==    Updates: 1
2021-06-10 11:01:56.302 [http-nio-8085-exec-2] DEBUG c.a.q.d.U.insertUserInfo -==>  Preparing: insert into user_info (id, username, password, start_time, stop_time, status, created_by, creation_date, last_updated_by, last_update_date) values (?, ?, ?, ?, ?, ?, ?, ?, ?, ?) 
2021-06-10 11:01:56.302 [http-nio-8085-exec-2] DEBUG c.a.q.d.U.insertUserInfo -==>  Preparing: insert into user_info (id, username, password, start_time, stop_time, status, created_by, creation_date, last_updated_by, last_update_date) values (?, ?, ?, ?, ?, ?, ?, ?, ?, ?) 
2021-06-10 11:01:56.302 [http-nio-8085-exec-2] DEBUG c.a.q.d.U.insertUserInfo -==> Parameters: 0a65de38d5d34c1bbc29ef088c6798d1(String), asdflying(String), asdf(String), 2021-06-10 11:01:23.0(Timestamp), 2021-07-10 11:01:23.0(Timestamp), 1(String), admin(String), 2021-06-10 11:01:56.28(Timestamp), admin(String), 2021-06-10 11:01:56.28(Timestamp)
2021-06-10 11:01:56.302 [http-nio-8085-exec-2] DEBUG c.a.q.d.U.insertUserInfo -==> Parameters: 0a65de38d5d34c1bbc29ef088c6798d1(String), asdflying(String), asdf(String), 2021-06-10 11:01:23.0(Timestamp), 2021-07-10 11:01:23.0(Timestamp), 1(String), admin(String), 2021-06-10 11:01:56.28(Timestamp), admin(String), 2021-06-10 11:01:56.28(Timestamp)
2021-06-10 11:01:56.349 [http-nio-8085-exec-2] DEBUG c.a.q.d.U.insertUserInfo -<==    Updates: 1
2021-06-10 11:01:56.349 [http-nio-8085-exec-2] DEBUG c.a.q.d.U.insertUserInfo -<==    Updates: 1
2021-06-10 11:01:56.448 [http-nio-8085-exec-3] DEBUG c.a.q.d.U.insertUserInfo -==>  Preparing: insert into user_info (id, username, password, start_time, stop_time, status, created_by, creation_date, last_updated_by, last_update_date) values (?, ?, ?, ?, ?, ?, ?, ?, ?, ?) 
2021-06-10 11:01:56.448 [http-nio-8085-exec-3] DEBUG c.a.q.d.U.insertUserInfo -==>  Preparing: insert into user_info (id, username, password, start_time, stop_time, status, created_by, creation_date, last_updated_by, last_update_date) values (?, ?, ?, ?, ?, ?, ?, ?, ?, ?) 
2021-06-10 11:01:56.448 [http-nio-8085-exec-3] DEBUG c.a.q.d.U.insertUserInfo -==> Parameters: 2beb58ec979d4c1887c8e60ce9985a05(String), asdflying(String), asdf(String), 2021-06-10 11:01:23.0(Timestamp), 2021-07-10 11:01:23.0(Timestamp), 1(String), admin(String), 2021-06-10 11:01:56.448(Timestamp), admin(String), 2021-06-10 11:01:56.448(Timestamp)
2021-06-10 11:01:56.448 [http-nio-8085-exec-3] DEBUG c.a.q.d.U.insertUserInfo -==> Parameters: 2beb58ec979d4c1887c8e60ce9985a05(String), asdflying(String), asdf(String), 2021-06-10 11:01:23.0(Timestamp), 2021-07-10 11:01:23.0(Timestamp), 1(String), admin(String), 2021-06-10 11:01:56.448(Timestamp), admin(String), 2021-06-10 11:01:56.448(Timestamp)
2021-06-10 11:01:56.492 [http-nio-8085-exec-3] DEBUG c.a.q.d.U.insertUserInfo -<==    Updates: 1
2021-06-10 11:01:56.492 [http-nio-8085-exec-3] DEBUG c.a.q.d.U.insertUserInfo -<==    Updates: 1
2021-06-10 11:01:56.618 [http-nio-8085-exec-4] DEBUG c.a.q.d.U.insertUserInfo -==>  Preparing: insert into user_info (id, username, password, start_time, stop_time, status, created_by, creation_date, last_updated_by, last_update_date) values (?, ?, ?, ?, ?, ?, ?, ?, ?, ?) 
2021-06-10 11:01:56.618 [http-nio-8085-exec-4] DEBUG c.a.q.d.U.insertUserInfo -==>  Preparing: insert into user_info (id, username, password, start_time, stop_time, status, created_by, creation_date, last_updated_by, last_update_date) values (?, ?, ?, ?, ?, ?, ?, ?, ?, ?) 
2021-06-10 11:01:56.619 [http-nio-8085-exec-4] DEBUG c.a.q.d.U.insertUserInfo -==> Parameters: dfce0962627545d8a9f0414dabfa2700(String), asdflying(String), asdf(String), 2021-06-10 11:01:23.0(Timestamp), 2021-07-10 11:01:23.0(Timestamp), 1(String), admin(String), 2021-06-10 11:01:56.618(Timestamp), admin(String), 2021-06-10 11:01:56.618(Timestamp)
2021-06-10 11:01:56.619 [http-nio-8085-exec-4] DEBUG c.a.q.d.U.insertUserInfo -==> Parameters: dfce0962627545d8a9f0414dabfa2700(String), asdflying(String), asdf(String), 2021-06-10 11:01:23.0(Timestamp), 2021-07-10 11:01:23.0(Timestamp), 1(String), admin(String), 2021-06-10 11:01:56.618(Timestamp), admin(String), 2021-06-10 11:01:56.618(Timestamp)
2021-06-10 11:01:56.663 [http-nio-8085-exec-4] DEBUG c.a.q.d.U.insertUserInfo -<==    Updates: 1
2021-06-10 11:01:56.663 [http-nio-8085-exec-4] DEBUG c.a.q.d.U.insertUserInfo -<==    Updates: 1
2021-06-10 11:01:56.776 [http-nio-8085-exec-9] DEBUG c.a.q.d.U.insertUserInfo -==>  Preparing: insert into user_info (id, username, password, start_time, stop_time, status, created_by, creation_date, last_updated_by, last_update_date) values (?, ?, ?, ?, ?, ?, ?, ?, ?, ?) 
2021-06-10 11:01:56.776 [http-nio-8085-exec-9] DEBUG c.a.q.d.U.insertUserInfo -==>  Preparing: insert into user_info (id, username, password, start_time, stop_time, status, created_by, creation_date, last_updated_by, last_update_date) values (?, ?, ?, ?, ?, ?, ?, ?, ?, ?) 
2021-06-10 11:01:56.776 [http-nio-8085-exec-9] DEBUG c.a.q.d.U.insertUserInfo -==> Parameters: 9e79a657545341f0b91d7f18ba0f14d9(String), asdflying(String), asdf(String), 2021-06-10 11:01:23.0(Timestamp), 2021-07-10 11:01:23.0(Timestamp), 1(String), admin(String), 2021-06-10 11:01:56.776(Timestamp), admin(String), 2021-06-10 11:01:56.776(Timestamp)
2021-06-10 11:01:56.776 [http-nio-8085-exec-9] DEBUG c.a.q.d.U.insertUserInfo -==> Parameters: 9e79a657545341f0b91d7f18ba0f14d9(String), asdflying(String), asdf(String), 2021-06-10 11:01:23.0(Timestamp), 2021-07-10 11:01:23.0(Timestamp), 1(String), admin(String), 2021-06-10 11:01:56.776(Timestamp), admin(String), 2021-06-10 11:01:56.776(Timestamp)
2021-06-10 11:01:56.954 [http-nio-8085-exec-10] DEBUG c.a.q.d.U.insertUserInfo -==>  Preparing: insert into user_info (id, username, password, start_time, stop_time, status, created_by, creation_date, last_updated_by, last_update_date) values (?, ?, ?, ?, ?, ?, ?, ?, ?, ?) 
2021-06-10 11:01:56.954 [http-nio-8085-exec-10] DEBUG c.a.q.d.U.insertUserInfo -==>  Preparing: insert into user_info (id, username, password, start_time, stop_time, status, created_by, creation_date, last_updated_by, last_update_date) values (?, ?, ?, ?, ?, ?, ?, ?, ?, ?) 
2021-06-10 11:01:56.954 [http-nio-8085-exec-10] DEBUG c.a.q.d.U.insertUserInfo -==> Parameters: 8a95983272ca40e5bfc72fdd6de1b060(String), asdflying(String), asdf(String), 2021-06-10 11:01:23.0(Timestamp), 2021-07-10 11:01:23.0(Timestamp), 1(String), admin(String), 2021-06-10 11:01:56.932(Timestamp), admin(String), 2021-06-10 11:01:56.932(Timestamp)
2021-06-10 11:01:56.954 [http-nio-8085-exec-10] DEBUG c.a.q.d.U.insertUserInfo -==> Parameters: 8a95983272ca40e5bfc72fdd6de1b060(String), asdflying(String), asdf(String), 2021-06-10 11:01:23.0(Timestamp), 2021-07-10 11:01:23.0(Timestamp), 1(String), admin(String), 2021-06-10 11:01:56.932(Timestamp), admin(String), 2021-06-10 11:01:56.932(Timestamp)
2021-06-10 11:01:57.114 [http-nio-8085-exec-9] DEBUG c.a.q.d.U.insertUserInfo -<==    Updates: 1
2021-06-10 11:01:57.114 [http-nio-8085-exec-9] DEBUG c.a.q.d.U.insertUserInfo -<==    Updates: 1
2021-06-10 11:01:57.115 [http-nio-8085-exec-10] DEBUG c.a.q.d.U.insertUserInfo -<==    Updates: 1
2021-06-10 11:01:57.115 [http-nio-8085-exec-10] DEBUG c.a.q.d.U.insertUserInfo -<==    Updates: 1
2021-06-10 11:03:59.501 [http-nio-8085-exec-7] DEBUG c.a.q.d.U.insertUserInfo -==>  Preparing: insert into user_info (id, username, password, start_time, stop_time, status, created_by, creation_date, last_updated_by, last_update_date) values (?, ?, ?, ?, ?, ?, ?, ?, ?, ?) 
2021-06-10 11:03:59.501 [http-nio-8085-exec-7] DEBUG c.a.q.d.U.insertUserInfo -==>  Preparing: insert into user_info (id, username, password, start_time, stop_time, status, created_by, creation_date, last_updated_by, last_update_date) values (?, ?, ?, ?, ?, ?, ?, ?, ?, ?) 
2021-06-10 11:03:59.513 [http-nio-8085-exec-7] DEBUG c.a.q.d.U.insertUserInfo -==> Parameters: df93e0112014423d9c82586fe4daa1a7(String), testagain(String), weishenme(String), 2021-06-10 11:03:46.0(Timestamp), 2021-07-10 11:03:46.0(Timestamp), 1(String), admin(String), 2021-06-10 11:03:59.468(Timestamp), admin(String), 2021-06-10 11:03:59.468(Timestamp)
2021-06-10 11:03:59.513 [http-nio-8085-exec-7] DEBUG c.a.q.d.U.insertUserInfo -==> Parameters: df93e0112014423d9c82586fe4daa1a7(String), testagain(String), weishenme(String), 2021-06-10 11:03:46.0(Timestamp), 2021-07-10 11:03:46.0(Timestamp), 1(String), admin(String), 2021-06-10 11:03:59.468(Timestamp), admin(String), 2021-06-10 11:03:59.468(Timestamp)
2021-06-10 11:03:59.575 [http-nio-8085-exec-7] DEBUG c.a.q.d.U.insertUserInfo -<==    Updates: 1
2021-06-10 11:03:59.575 [http-nio-8085-exec-7] DEBUG c.a.q.d.U.insertUserInfo -<==    Updates: 1
2021-06-10 11:39:17.126 [http-nio-8085-exec-1] DEBUG c.a.q.d.U.selectAllByName -==>  Preparing: SELECT id, username, password, status FROM user_info WHERE username = ? AND status = "1" 
2021-06-10 11:39:17.126 [http-nio-8085-exec-1] DEBUG c.a.q.d.U.selectAllByName -==>  Preparing: SELECT id, username, password, status FROM user_info WHERE username = ? AND status = "1" 
2021-06-10 11:39:17.147 [http-nio-8085-exec-1] DEBUG c.a.q.d.U.selectAllByName -==> Parameters: admin(String)
2021-06-10 11:39:17.147 [http-nio-8085-exec-1] DEBUG c.a.q.d.U.selectAllByName -==> Parameters: admin(String)
2021-06-10 11:39:17.179 [http-nio-8085-exec-1] DEBUG c.a.q.d.U.selectAllByName -<==      Total: 1
2021-06-10 11:39:17.179 [http-nio-8085-exec-1] DEBUG c.a.q.d.U.selectAllByName -<==      Total: 1
2021-06-10 11:39:17.326 [http-nio-8085-exec-3] DEBUG c.a.q.d.P.queryProjectList -==>  Preparing: SELECT id,project_name as projectName,project_content as projectContent,creation_date as createDate FROM project_info WHERE 1 = 1 AND created_by = ? ORDER BY creation_date DESC 
2021-06-10 11:39:17.326 [http-nio-8085-exec-3] DEBUG c.a.q.d.P.queryProjectList -==>  Preparing: SELECT id,project_name as projectName,project_content as projectContent,creation_date as createDate FROM project_info WHERE 1 = 1 AND created_by = ? ORDER BY creation_date DESC 
2021-06-10 11:39:17.327 [http-nio-8085-exec-3] DEBUG c.a.q.d.P.queryProjectList -==> Parameters: admin(String)
2021-06-10 11:39:17.327 [http-nio-8085-exec-3] DEBUG c.a.q.d.P.queryProjectList -==> Parameters: admin(String)
2021-06-10 11:39:17.391 [http-nio-8085-exec-3] DEBUG c.a.q.d.P.queryProjectList -<==      Total: 15
2021-06-10 11:39:17.391 [http-nio-8085-exec-3] DEBUG c.a.q.d.P.queryProjectList -<==      Total: 15
2021-06-10 11:44:35.828 [http-nio-8085-exec-1] DEBUG c.a.q.d.U.selectAllByName -==>  Preparing: SELECT id, username, password, status FROM user_info WHERE username = ? AND status = "1" 
2021-06-10 11:44:35.828 [http-nio-8085-exec-1] DEBUG c.a.q.d.U.selectAllByName -==>  Preparing: SELECT id, username, password, status FROM user_info WHERE username = ? AND status = "1" 
2021-06-10 11:44:35.851 [http-nio-8085-exec-1] DEBUG c.a.q.d.U.selectAllByName -==> Parameters: admin(String)
2021-06-10 11:44:35.851 [http-nio-8085-exec-1] DEBUG c.a.q.d.U.selectAllByName -==> Parameters: admin(String)
2021-06-10 11:44:35.892 [http-nio-8085-exec-1] DEBUG c.a.q.d.U.selectAllByName -<==      Total: 2
2021-06-10 11:44:35.892 [http-nio-8085-exec-1] DEBUG c.a.q.d.U.selectAllByName -<==      Total: 2
2021-06-10 11:44:37.104 [http-nio-8085-exec-2] DEBUG c.a.q.d.U.selectAllByName -==>  Preparing: SELECT id, username, password, status FROM user_info WHERE username = ? AND status = "1" 
2021-06-10 11:44:37.104 [http-nio-8085-exec-2] DEBUG c.a.q.d.U.selectAllByName -==>  Preparing: SELECT id, username, password, status FROM user_info WHERE username = ? AND status = "1" 
2021-06-10 11:44:37.105 [http-nio-8085-exec-2] DEBUG c.a.q.d.U.selectAllByName -==> Parameters: admin(String)
2021-06-10 11:44:37.105 [http-nio-8085-exec-2] DEBUG c.a.q.d.U.selectAllByName -==> Parameters: admin(String)
2021-06-10 11:44:37.131 [http-nio-8085-exec-2] DEBUG c.a.q.d.U.selectAllByName -<==      Total: 2
2021-06-10 11:44:37.131 [http-nio-8085-exec-2] DEBUG c.a.q.d.U.selectAllByName -<==      Total: 2
2021-06-10 11:44:37.440 [http-nio-8085-exec-3] DEBUG c.a.q.d.U.selectAllByName -==>  Preparing: SELECT id, username, password, status FROM user_info WHERE username = ? AND status = "1" 
2021-06-10 11:44:37.440 [http-nio-8085-exec-3] DEBUG c.a.q.d.U.selectAllByName -==>  Preparing: SELECT id, username, password, status FROM user_info WHERE username = ? AND status = "1" 
2021-06-10 11:44:37.440 [http-nio-8085-exec-3] DEBUG c.a.q.d.U.selectAllByName -==> Parameters: admin(String)
2021-06-10 11:44:37.440 [http-nio-8085-exec-3] DEBUG c.a.q.d.U.selectAllByName -==> Parameters: admin(String)
2021-06-10 11:44:37.463 [http-nio-8085-exec-3] DEBUG c.a.q.d.U.selectAllByName -<==      Total: 2
2021-06-10 11:44:37.463 [http-nio-8085-exec-3] DEBUG c.a.q.d.U.selectAllByName -<==      Total: 2
2021-06-10 11:44:37.659 [http-nio-8085-exec-4] DEBUG c.a.q.d.U.selectAllByName -==>  Preparing: SELECT id, username, password, status FROM user_info WHERE username = ? AND status = "1" 
2021-06-10 11:44:37.659 [http-nio-8085-exec-4] DEBUG c.a.q.d.U.selectAllByName -==>  Preparing: SELECT id, username, password, status FROM user_info WHERE username = ? AND status = "1" 
2021-06-10 11:44:37.660 [http-nio-8085-exec-4] DEBUG c.a.q.d.U.selectAllByName -==> Parameters: admin(String)
2021-06-10 11:44:37.660 [http-nio-8085-exec-4] DEBUG c.a.q.d.U.selectAllByName -==> Parameters: admin(String)
2021-06-10 11:44:37.684 [http-nio-8085-exec-4] DEBUG c.a.q.d.U.selectAllByName -<==      Total: 2
2021-06-10 11:44:37.684 [http-nio-8085-exec-4] DEBUG c.a.q.d.U.selectAllByName -<==      Total: 2
2021-06-10 11:45:18.057 [http-nio-8085-exec-4] DEBUG c.a.q.d.U.selectAllByName -==>  Preparing: SELECT id, username, password, status FROM user_info WHERE username = ? AND status = "1" 
2021-06-10 11:45:18.057 [http-nio-8085-exec-4] DEBUG c.a.q.d.U.selectAllByName -==>  Preparing: SELECT id, username, password, status FROM user_info WHERE username = ? AND status = "1" 
2021-06-10 11:45:18.080 [http-nio-8085-exec-4] DEBUG c.a.q.d.U.selectAllByName -==> Parameters: admin(String)
2021-06-10 11:45:18.080 [http-nio-8085-exec-4] DEBUG c.a.q.d.U.selectAllByName -==> Parameters: admin(String)
2021-06-10 11:45:18.123 [http-nio-8085-exec-4] DEBUG c.a.q.d.U.selectAllByName -<==      Total: 2
2021-06-10 11:45:18.123 [http-nio-8085-exec-4] DEBUG c.a.q.d.U.selectAllByName -<==      Total: 2
2021-06-10 13:54:40.071 [http-nio-8085-exec-5] DEBUG c.a.q.d.U.selectAllByName -==>  Preparing: SELECT id, username, password, status FROM user_info WHERE username = ? AND status = "1" 
2021-06-10 13:54:40.071 [http-nio-8085-exec-5] DEBUG c.a.q.d.U.selectAllByName -==>  Preparing: SELECT id, username, password, status FROM user_info WHERE username = ? AND status = "1" 
2021-06-10 13:54:40.094 [http-nio-8085-exec-5] DEBUG c.a.q.d.U.selectAllByName -==> Parameters: admin(String)
2021-06-10 13:54:40.094 [http-nio-8085-exec-5] DEBUG c.a.q.d.U.selectAllByName -==> Parameters: admin(String)
2021-06-10 13:54:40.131 [http-nio-8085-exec-5] DEBUG c.a.q.d.U.selectAllByName -<==      Total: 2
2021-06-10 13:54:40.131 [http-nio-8085-exec-5] DEBUG c.a.q.d.U.selectAllByName -<==      Total: 2
2021-06-10 14:03:30.561 [http-nio-8085-exec-1] DEBUG c.a.q.d.U.selectAllByName -==>  Preparing: SELECT id, username, password, status FROM user_info WHERE username = ? AND status = "1" 
2021-06-10 14:03:30.561 [http-nio-8085-exec-1] DEBUG c.a.q.d.U.selectAllByName -==>  Preparing: SELECT id, username, password, status FROM user_info WHERE username = ? AND status = "1" 
2021-06-10 14:03:30.576 [http-nio-8085-exec-1] DEBUG c.a.q.d.U.selectAllByName -==> Parameters: admin(String)
2021-06-10 14:03:30.576 [http-nio-8085-exec-1] DEBUG c.a.q.d.U.selectAllByName -==> Parameters: admin(String)
2021-06-10 14:03:30.594 [http-nio-8085-exec-1] DEBUG c.a.q.d.U.selectAllByName -<==      Total: 1
2021-06-10 14:03:30.594 [http-nio-8085-exec-1] DEBUG c.a.q.d.U.selectAllByName -<==      Total: 1
2021-06-10 14:03:30.727 [http-nio-8085-exec-2] DEBUG c.a.q.d.P.queryProjectList -==>  Preparing: SELECT id,project_name as projectName,project_content as projectContent,creation_date as createDate FROM project_info WHERE 1 = 1 AND created_by = ? ORDER BY creation_date DESC 
2021-06-10 14:03:30.727 [http-nio-8085-exec-2] DEBUG c.a.q.d.P.queryProjectList -==>  Preparing: SELECT id,project_name as projectName,project_content as projectContent,creation_date as createDate FROM project_info WHERE 1 = 1 AND created_by = ? ORDER BY creation_date DESC 
2021-06-10 14:03:30.727 [http-nio-8085-exec-2] DEBUG c.a.q.d.P.queryProjectList -==> Parameters: admin(String)
2021-06-10 14:03:30.727 [http-nio-8085-exec-2] DEBUG c.a.q.d.P.queryProjectList -==> Parameters: admin(String)
2021-06-10 14:03:30.739 [http-nio-8085-exec-2] DEBUG c.a.q.d.P.queryProjectList -<==      Total: 2
2021-06-10 14:03:30.739 [http-nio-8085-exec-2] DEBUG c.a.q.d.P.queryProjectList -<==      Total: 2
2021-06-10 14:03:40.984 [http-nio-8085-exec-5] DEBUG c.a.q.d.U.insertUserInfo -==>  Preparing: insert into user_info (id, username, password, start_time, stop_time, status, created_by, creation_date, last_updated_by, last_update_date) values (?, ?, ?, ?, ?, ?, ?, ?, ?, ?) 
2021-06-10 14:03:40.984 [http-nio-8085-exec-5] DEBUG c.a.q.d.U.insertUserInfo -==>  Preparing: insert into user_info (id, username, password, start_time, stop_time, status, created_by, creation_date, last_updated_by, last_update_date) values (?, ?, ?, ?, ?, ?, ?, ?, ?, ?) 
2021-06-10 14:03:40.986 [http-nio-8085-exec-5] DEBUG c.a.q.d.U.insertUserInfo -==> Parameters: 3546f5c192c94e35b02da7ee6cdfc750(String), Test(String), 123(String), 2021-06-10 14:03:36.0(Timestamp), 2021-07-10 14:03:36.0(Timestamp), 1(String), admin(String), 2021-06-10 14:03:40.984(Timestamp), admin(String), 2021-06-10 14:03:40.984(Timestamp)
2021-06-10 14:03:40.986 [http-nio-8085-exec-5] DEBUG c.a.q.d.U.insertUserInfo -==> Parameters: 3546f5c192c94e35b02da7ee6cdfc750(String), Test(String), 123(String), 2021-06-10 14:03:36.0(Timestamp), 2021-07-10 14:03:36.0(Timestamp), 1(String), admin(String), 2021-06-10 14:03:40.984(Timestamp), admin(String), 2021-06-10 14:03:40.984(Timestamp)
2021-06-10 14:03:41.002 [http-nio-8085-exec-5] DEBUG c.a.q.d.U.insertUserInfo -<==    Updates: 1
2021-06-10 14:03:41.002 [http-nio-8085-exec-5] DEBUG c.a.q.d.U.insertUserInfo -<==    Updates: 1
2021-06-10 14:05:22.406 [http-nio-8085-exec-9] DEBUG c.a.q.d.U.selectAllByName -==>  Preparing: SELECT id, username, password, status FROM user_info WHERE username = ? AND status = "1" 
2021-06-10 14:05:22.406 [http-nio-8085-exec-9] DEBUG c.a.q.d.U.selectAllByName -==>  Preparing: SELECT id, username, password, status FROM user_info WHERE username = ? AND status = "1" 
2021-06-10 14:05:22.406 [http-nio-8085-exec-9] DEBUG c.a.q.d.U.selectAllByName -==> Parameters: admin(String)
2021-06-10 14:05:22.406 [http-nio-8085-exec-9] DEBUG c.a.q.d.U.selectAllByName -==> Parameters: admin(String)
2021-06-10 14:05:22.407 [http-nio-8085-exec-9] DEBUG c.a.q.d.U.selectAllByName -<==      Total: 1
2021-06-10 14:05:22.407 [http-nio-8085-exec-9] DEBUG c.a.q.d.U.selectAllByName -<==      Total: 1
2021-06-10 14:05:22.539 [http-nio-8085-exec-8] DEBUG c.a.q.d.P.queryProjectList -==>  Preparing: SELECT id,project_name as projectName,project_content as projectContent,creation_date as createDate FROM project_info WHERE 1 = 1 AND created_by = ? ORDER BY creation_date DESC 
2021-06-10 14:05:22.539 [http-nio-8085-exec-8] DEBUG c.a.q.d.P.queryProjectList -==>  Preparing: SELECT id,project_name as projectName,project_content as projectContent,creation_date as createDate FROM project_info WHERE 1 = 1 AND created_by = ? ORDER BY creation_date DESC 
2021-06-10 14:05:22.539 [http-nio-8085-exec-8] DEBUG c.a.q.d.P.queryProjectList -==> Parameters: admin(String)
2021-06-10 14:05:22.539 [http-nio-8085-exec-8] DEBUG c.a.q.d.P.queryProjectList -==> Parameters: admin(String)
2021-06-10 14:05:22.540 [http-nio-8085-exec-8] DEBUG c.a.q.d.P.queryProjectList -<==      Total: 2
2021-06-10 14:05:22.540 [http-nio-8085-exec-8] DEBUG c.a.q.d.P.queryProjectList -<==      Total: 2
2021-06-10 14:05:29.879 [http-nio-8085-exec-1] DEBUG c.a.q.d.U.selectAllByName -==>  Preparing: SELECT id, username, password, status FROM user_info WHERE username = ? AND status = "1" 
2021-06-10 14:05:29.879 [http-nio-8085-exec-1] DEBUG c.a.q.d.U.selectAllByName -==>  Preparing: SELECT id, username, password, status FROM user_info WHERE username = ? AND status = "1" 
2021-06-10 14:05:29.880 [http-nio-8085-exec-1] DEBUG c.a.q.d.U.selectAllByName -==> Parameters: Test(String)
2021-06-10 14:05:29.880 [http-nio-8085-exec-1] DEBUG c.a.q.d.U.selectAllByName -==> Parameters: Test(String)
2021-06-10 14:05:29.881 [http-nio-8085-exec-1] DEBUG c.a.q.d.U.selectAllByName -<==      Total: 1
2021-06-10 14:05:29.881 [http-nio-8085-exec-1] DEBUG c.a.q.d.U.selectAllByName -<==      Total: 1
2021-06-10 14:05:29.957 [http-nio-8085-exec-2] DEBUG c.a.q.d.P.queryProjectList -==>  Preparing: SELECT id,project_name as projectName,project_content as projectContent,creation_date as createDate FROM project_info WHERE 1 = 1 AND created_by = ? ORDER BY creation_date DESC 
2021-06-10 14:05:29.957 [http-nio-8085-exec-2] DEBUG c.a.q.d.P.queryProjectList -==>  Preparing: SELECT id,project_name as projectName,project_content as projectContent,creation_date as createDate FROM project_info WHERE 1 = 1 AND created_by = ? ORDER BY creation_date DESC 
2021-06-10 14:05:29.957 [http-nio-8085-exec-2] DEBUG c.a.q.d.P.queryProjectList -==> Parameters: Test(String)
2021-06-10 14:05:29.957 [http-nio-8085-exec-2] DEBUG c.a.q.d.P.queryProjectList -==> Parameters: Test(String)
2021-06-10 14:05:29.958 [http-nio-8085-exec-2] DEBUG c.a.q.d.P.queryProjectList -<==      Total: 0
2021-06-10 14:05:29.958 [http-nio-8085-exec-2] DEBUG c.a.q.d.P.queryProjectList -<==      Total: 0
2021-06-10 14:05:35.902 [http-nio-8085-exec-3] DEBUG c.a.q.d.U.selectAllByName -==>  Preparing: SELECT id, username, password, status FROM user_info WHERE username = ? AND status = "1" 
2021-06-10 14:05:35.902 [http-nio-8085-exec-3] DEBUG c.a.q.d.U.selectAllByName -==>  Preparing: SELECT id, username, password, status FROM user_info WHERE username = ? AND status = "1" 
2021-06-10 14:05:35.902 [http-nio-8085-exec-3] DEBUG c.a.q.d.U.selectAllByName -==> Parameters: admin(String)
2021-06-10 14:05:35.902 [http-nio-8085-exec-3] DEBUG c.a.q.d.U.selectAllByName -==> Parameters: admin(String)
2021-06-10 14:05:35.903 [http-nio-8085-exec-3] DEBUG c.a.q.d.U.selectAllByName -<==      Total: 1
2021-06-10 14:05:35.903 [http-nio-8085-exec-3] DEBUG c.a.q.d.U.selectAllByName -<==      Total: 1
2021-06-10 14:05:35.977 [http-nio-8085-exec-4] DEBUG c.a.q.d.P.queryProjectList -==>  Preparing: SELECT id,project_name as projectName,project_content as projectContent,creation_date as createDate FROM project_info WHERE 1 = 1 AND created_by = ? ORDER BY creation_date DESC 
2021-06-10 14:05:35.977 [http-nio-8085-exec-4] DEBUG c.a.q.d.P.queryProjectList -==>  Preparing: SELECT id,project_name as projectName,project_content as projectContent,creation_date as createDate FROM project_info WHERE 1 = 1 AND created_by = ? ORDER BY creation_date DESC 
2021-06-10 14:05:35.977 [http-nio-8085-exec-4] DEBUG c.a.q.d.P.queryProjectList -==> Parameters: admin(String)
2021-06-10 14:05:35.977 [http-nio-8085-exec-4] DEBUG c.a.q.d.P.queryProjectList -==> Parameters: admin(String)
2021-06-10 14:05:35.978 [http-nio-8085-exec-4] DEBUG c.a.q.d.P.queryProjectList -<==      Total: 2
2021-06-10 14:05:35.978 [http-nio-8085-exec-4] DEBUG c.a.q.d.P.queryProjectList -<==      Total: 2
2021-06-10 14:05:47.349 [http-nio-8085-exec-7] DEBUG c.a.q.d.U.insertUserInfo -==>  Preparing: insert into user_info (id, username, password, start_time, stop_time, status, created_by, creation_date, last_updated_by, last_update_date) values (?, ?, ?, ?, ?, ?, ?, ?, ?, ?) 
2021-06-10 14:05:47.349 [http-nio-8085-exec-7] DEBUG c.a.q.d.U.insertUserInfo -==>  Preparing: insert into user_info (id, username, password, start_time, stop_time, status, created_by, creation_date, last_updated_by, last_update_date) values (?, ?, ?, ?, ?, ?, ?, ?, ?, ?) 
2021-06-10 14:05:47.351 [http-nio-8085-exec-7] DEBUG c.a.q.d.U.insertUserInfo -==> Parameters: 9fe8635e21644b2db021dc9255f1a12b(String), 20184409(String), 1234(String), 2021-06-10 14:05:39.0(Timestamp), 2021-07-10 14:05:39.0(Timestamp), 1(String), admin(String), 2021-06-10 14:05:47.348(Timestamp), admin(String), 2021-06-10 14:05:47.348(Timestamp)
2021-06-10 14:05:47.351 [http-nio-8085-exec-7] DEBUG c.a.q.d.U.insertUserInfo -==> Parameters: 9fe8635e21644b2db021dc9255f1a12b(String), 20184409(String), 1234(String), 2021-06-10 14:05:39.0(Timestamp), 2021-07-10 14:05:39.0(Timestamp), 1(String), admin(String), 2021-06-10 14:05:47.348(Timestamp), admin(String), 2021-06-10 14:05:47.348(Timestamp)
2021-06-10 14:05:47.359 [http-nio-8085-exec-7] DEBUG c.a.q.d.U.insertUserInfo -<==    Updates: 1
2021-06-10 14:05:47.359 [http-nio-8085-exec-7] DEBUG c.a.q.d.U.insertUserInfo -<==    Updates: 1
2021-06-10 14:06:53.709 [http-nio-8085-exec-3] DEBUG c.a.q.d.U.insertUserInfo -==>  Preparing: insert into user_info (id, username, password, start_time, stop_time, status, created_by, creation_date, last_updated_by, last_update_date) values (?, ?, ?, ?, ?, ?, ?, ?, ?, ?) 
2021-06-10 14:06:53.709 [http-nio-8085-exec-3] DEBUG c.a.q.d.U.insertUserInfo -==>  Preparing: insert into user_info (id, username, password, start_time, stop_time, status, created_by, creation_date, last_updated_by, last_update_date) values (?, ?, ?, ?, ?, ?, ?, ?, ?, ?) 
2021-06-10 14:06:53.730 [http-nio-8085-exec-3] DEBUG c.a.q.d.U.insertUserInfo -==> Parameters: 1680316ebad4428ab55bcc45476c3549(String), asdf(String), 1234(String), 2021-06-10 14:06:49.0(Timestamp), 2021-07-10 14:06:49.0(Timestamp), 1(String), admin(String), 2021-06-10 14:06:53.699(Timestamp), admin(String), 2021-06-10 14:06:53.699(Timestamp)
2021-06-10 14:06:53.730 [http-nio-8085-exec-3] DEBUG c.a.q.d.U.insertUserInfo -==> Parameters: 1680316ebad4428ab55bcc45476c3549(String), asdf(String), 1234(String), 2021-06-10 14:06:49.0(Timestamp), 2021-07-10 14:06:49.0(Timestamp), 1(String), admin(String), 2021-06-10 14:06:53.699(Timestamp), admin(String), 2021-06-10 14:06:53.699(Timestamp)
2021-06-10 14:06:53.736 [http-nio-8085-exec-3] DEBUG c.a.q.d.U.insertUserInfo -<==    Updates: 1
2021-06-10 14:06:53.736 [http-nio-8085-exec-3] DEBUG c.a.q.d.U.insertUserInfo -<==    Updates: 1
2021-06-10 14:07:57.594 [http-nio-8085-exec-5] DEBUG c.a.q.d.U.selectAllByName -==>  Preparing: SELECT id, username, password, status FROM user_info WHERE username = ? AND status = "1" 
2021-06-10 14:07:57.594 [http-nio-8085-exec-5] DEBUG c.a.q.d.U.selectAllByName -==>  Preparing: SELECT id, username, password, status FROM user_info WHERE username = ? AND status = "1" 
2021-06-10 14:07:57.618 [http-nio-8085-exec-5] DEBUG c.a.q.d.U.selectAllByName -==> Parameters: admin(String)
2021-06-10 14:07:57.618 [http-nio-8085-exec-5] DEBUG c.a.q.d.U.selectAllByName -==> Parameters: admin(String)
2021-06-10 14:07:57.640 [http-nio-8085-exec-5] DEBUG c.a.q.d.U.selectAllByName -<==      Total: 1
2021-06-10 14:07:57.640 [http-nio-8085-exec-5] DEBUG c.a.q.d.U.selectAllByName -<==      Total: 1
2021-06-10 14:07:57.775 [http-nio-8085-exec-6] DEBUG c.a.q.d.P.queryProjectList -==>  Preparing: SELECT id,project_name as projectName,project_content as projectContent,creation_date as createDate FROM project_info WHERE 1 = 1 AND created_by = ? ORDER BY creation_date DESC 
2021-06-10 14:07:57.775 [http-nio-8085-exec-6] DEBUG c.a.q.d.P.queryProjectList -==>  Preparing: SELECT id,project_name as projectName,project_content as projectContent,creation_date as createDate FROM project_info WHERE 1 = 1 AND created_by = ? ORDER BY creation_date DESC 
2021-06-10 14:07:57.776 [http-nio-8085-exec-6] DEBUG c.a.q.d.P.queryProjectList -==> Parameters: admin(String)
2021-06-10 14:07:57.776 [http-nio-8085-exec-6] DEBUG c.a.q.d.P.queryProjectList -==> Parameters: admin(String)
2021-06-10 14:07:57.781 [http-nio-8085-exec-6] DEBUG c.a.q.d.P.queryProjectList -<==      Total: 2
2021-06-10 14:07:57.781 [http-nio-8085-exec-6] DEBUG c.a.q.d.P.queryProjectList -<==      Total: 2
2021-06-10 14:12:04.875 [http-nio-8085-exec-3] DEBUG c.a.q.d.U.selectAllByName -==>  Preparing: SELECT id, username, password, status FROM user_info WHERE username = ? AND status = "1" 
2021-06-10 14:12:04.875 [http-nio-8085-exec-3] DEBUG c.a.q.d.U.selectAllByName -==>  Preparing: SELECT id, username, password, status FROM user_info WHERE username = ? AND status = "1" 
2021-06-10 14:12:04.887 [http-nio-8085-exec-3] DEBUG c.a.q.d.U.selectAllByName -==> Parameters: admin(String)
2021-06-10 14:12:04.887 [http-nio-8085-exec-3] DEBUG c.a.q.d.U.selectAllByName -==> Parameters: admin(String)
2021-06-10 14:12:04.915 [http-nio-8085-exec-3] DEBUG c.a.q.d.U.selectAllByName -<==      Total: 1
2021-06-10 14:12:04.915 [http-nio-8085-exec-3] DEBUG c.a.q.d.U.selectAllByName -<==      Total: 1
2021-06-10 14:12:05.031 [http-nio-8085-exec-4] DEBUG c.a.q.d.P.queryProjectList -==>  Preparing: SELECT id,project_name as projectName,project_content as projectContent,creation_date as createDate FROM project_info WHERE 1 = 1 AND created_by = ? ORDER BY creation_date DESC 
2021-06-10 14:12:05.031 [http-nio-8085-exec-4] DEBUG c.a.q.d.P.queryProjectList -==>  Preparing: SELECT id,project_name as projectName,project_content as projectContent,creation_date as createDate FROM project_info WHERE 1 = 1 AND created_by = ? ORDER BY creation_date DESC 
2021-06-10 14:12:05.031 [http-nio-8085-exec-4] DEBUG c.a.q.d.P.queryProjectList -==> Parameters: admin(String)
2021-06-10 14:12:05.031 [http-nio-8085-exec-4] DEBUG c.a.q.d.P.queryProjectList -==> Parameters: admin(String)
2021-06-10 14:12:05.064 [http-nio-8085-exec-4] DEBUG c.a.q.d.P.queryProjectList -<==      Total: 18
2021-06-10 14:12:05.064 [http-nio-8085-exec-4] DEBUG c.a.q.d.P.queryProjectList -<==      Total: 18
2021-06-10 14:13:12.430 [http-nio-8085-exec-4] DEBUG c.a.q.d.U.selectAllByName -==>  Preparing: SELECT id, username, password, status FROM user_info WHERE username = ? AND status = "1" 
2021-06-10 14:13:12.430 [http-nio-8085-exec-4] DEBUG c.a.q.d.U.selectAllByName -==>  Preparing: SELECT id, username, password, status FROM user_info WHERE username = ? AND status = "1" 
2021-06-10 14:13:12.451 [http-nio-8085-exec-4] DEBUG c.a.q.d.U.selectAllByName -==> Parameters: admin(String)
2021-06-10 14:13:12.451 [http-nio-8085-exec-4] DEBUG c.a.q.d.U.selectAllByName -==> Parameters: admin(String)
2021-06-10 14:13:12.484 [http-nio-8085-exec-4] DEBUG c.a.q.d.U.selectAllByName -<==      Total: 1
2021-06-10 14:13:12.484 [http-nio-8085-exec-4] DEBUG c.a.q.d.U.selectAllByName -<==      Total: 1
2021-06-10 14:13:12.651 [http-nio-8085-exec-3] DEBUG c.a.q.d.P.queryProjectList -==>  Preparing: SELECT id,project_name as projectName,project_content as projectContent,creation_date as createDate FROM project_info WHERE 1 = 1 AND created_by = ? ORDER BY creation_date DESC 
2021-06-10 14:13:12.651 [http-nio-8085-exec-3] DEBUG c.a.q.d.P.queryProjectList -==>  Preparing: SELECT id,project_name as projectName,project_content as projectContent,creation_date as createDate FROM project_info WHERE 1 = 1 AND created_by = ? ORDER BY creation_date DESC 
2021-06-10 14:13:12.651 [http-nio-8085-exec-3] DEBUG c.a.q.d.P.queryProjectList -==> Parameters: admin(String)
2021-06-10 14:13:12.651 [http-nio-8085-exec-3] DEBUG c.a.q.d.P.queryProjectList -==> Parameters: admin(String)
2021-06-10 14:13:12.681 [http-nio-8085-exec-3] DEBUG c.a.q.d.P.queryProjectList -<==      Total: 18
2021-06-10 14:13:12.681 [http-nio-8085-exec-3] DEBUG c.a.q.d.P.queryProjectList -<==      Total: 18
2021-06-10 14:13:27.169 [http-nio-8085-exec-8] DEBUG c.a.q.d.U.insertUserInfo -==>  Preparing: insert into user_info (id, username, password, start_time, stop_time, status, created_by, creation_date, last_updated_by, last_update_date) values (?, ?, ?, ?, ?, ?, ?, ?, ?, ?) 
2021-06-10 14:13:27.169 [http-nio-8085-exec-8] DEBUG c.a.q.d.U.insertUserInfo -==>  Preparing: insert into user_info (id, username, password, start_time, stop_time, status, created_by, creation_date, last_updated_by, last_update_date) values (?, ?, ?, ?, ?, ?, ?, ?, ?, ?) 
2021-06-10 14:13:27.170 [http-nio-8085-exec-8] DEBUG c.a.q.d.U.insertUserInfo -==> Parameters: b586358b4cf447668244b98086c68fa5(String), asdfasdf(String), crcrcrcr(String), 2021-06-10 14:13:22.0(Timestamp), 2021-07-10 14:13:22.0(Timestamp), 1(String), admin(String), 2021-06-10 14:13:27.144(Timestamp), admin(String), 2021-06-10 14:13:27.144(Timestamp)
2021-06-10 14:13:27.170 [http-nio-8085-exec-8] DEBUG c.a.q.d.U.insertUserInfo -==> Parameters: b586358b4cf447668244b98086c68fa5(String), asdfasdf(String), crcrcrcr(String), 2021-06-10 14:13:22.0(Timestamp), 2021-07-10 14:13:22.0(Timestamp), 1(String), admin(String), 2021-06-10 14:13:27.144(Timestamp), admin(String), 2021-06-10 14:13:27.144(Timestamp)
2021-06-10 14:13:27.240 [http-nio-8085-exec-8] DEBUG c.a.q.d.U.insertUserInfo -<==    Updates: 1
2021-06-10 14:13:27.240 [http-nio-8085-exec-8] DEBUG c.a.q.d.U.insertUserInfo -<==    Updates: 1
2021-06-10 14:18:15.173 [http-nio-8085-exec-8] DEBUG c.a.q.d.U.selectAllByName -==>  Preparing: SELECT id, username, password, status FROM user_info WHERE username = ? AND status = "1" 
2021-06-10 14:18:15.173 [http-nio-8085-exec-8] DEBUG c.a.q.d.U.selectAllByName -==>  Preparing: SELECT id, username, password, status FROM user_info WHERE username = ? AND status = "1" 
2021-06-10 14:18:15.184 [http-nio-8085-exec-8] DEBUG c.a.q.d.U.selectAllByName -==> Parameters: admin(String)
2021-06-10 14:18:15.184 [http-nio-8085-exec-8] DEBUG c.a.q.d.U.selectAllByName -==> Parameters: admin(String)
2021-06-10 14:18:15.219 [http-nio-8085-exec-8] DEBUG c.a.q.d.U.selectAllByName -<==      Total: 1
2021-06-10 14:18:15.219 [http-nio-8085-exec-8] DEBUG c.a.q.d.U.selectAllByName -<==      Total: 1
2021-06-10 14:18:15.323 [http-nio-8085-exec-9] DEBUG c.a.q.d.P.queryProjectList -==>  Preparing: SELECT id,project_name as projectName,project_content as projectContent,creation_date as createDate FROM project_info WHERE 1 = 1 AND created_by = ? ORDER BY creation_date DESC 
2021-06-10 14:18:15.323 [http-nio-8085-exec-9] DEBUG c.a.q.d.P.queryProjectList -==>  Preparing: SELECT id,project_name as projectName,project_content as projectContent,creation_date as createDate FROM project_info WHERE 1 = 1 AND created_by = ? ORDER BY creation_date DESC 
2021-06-10 14:18:15.323 [http-nio-8085-exec-9] DEBUG c.a.q.d.P.queryProjectList -==> Parameters: admin(String)
2021-06-10 14:18:15.323 [http-nio-8085-exec-9] DEBUG c.a.q.d.P.queryProjectList -==> Parameters: admin(String)
2021-06-10 14:18:15.352 [http-nio-8085-exec-9] DEBUG c.a.q.d.P.queryProjectList -<==      Total: 18
2021-06-10 14:18:15.352 [http-nio-8085-exec-9] DEBUG c.a.q.d.P.queryProjectList -<==      Total: 18
2021-06-10 14:21:35.314 [http-nio-8085-exec-2] DEBUG c.a.q.d.U.selectAllByName -==>  Preparing: SELECT id, username, password, status FROM user_info WHERE username = ? AND status = "1" 
2021-06-10 14:21:35.314 [http-nio-8085-exec-2] DEBUG c.a.q.d.U.selectAllByName -==>  Preparing: SELECT id, username, password, status FROM user_info WHERE username = ? AND status = "1" 
2021-06-10 14:21:35.324 [http-nio-8085-exec-2] DEBUG c.a.q.d.U.selectAllByName -==> Parameters: admin(String)
2021-06-10 14:21:35.324 [http-nio-8085-exec-2] DEBUG c.a.q.d.U.selectAllByName -==> Parameters: admin(String)
2021-06-10 14:21:35.353 [http-nio-8085-exec-2] DEBUG c.a.q.d.U.selectAllByName -<==      Total: 1
2021-06-10 14:21:35.353 [http-nio-8085-exec-2] DEBUG c.a.q.d.U.selectAllByName -<==      Total: 1
2021-06-10 14:21:35.467 [http-nio-8085-exec-4] DEBUG c.a.q.d.P.queryProjectList -==>  Preparing: SELECT id,project_name as projectName,project_content as projectContent,creation_date as createDate FROM project_info WHERE 1 = 1 AND created_by = ? ORDER BY creation_date DESC 
2021-06-10 14:21:35.467 [http-nio-8085-exec-4] DEBUG c.a.q.d.P.queryProjectList -==>  Preparing: SELECT id,project_name as projectName,project_content as projectContent,creation_date as createDate FROM project_info WHERE 1 = 1 AND created_by = ? ORDER BY creation_date DESC 
2021-06-10 14:21:35.467 [http-nio-8085-exec-4] DEBUG c.a.q.d.P.queryProjectList -==> Parameters: admin(String)
2021-06-10 14:21:35.467 [http-nio-8085-exec-4] DEBUG c.a.q.d.P.queryProjectList -==> Parameters: admin(String)
2021-06-10 14:21:35.496 [http-nio-8085-exec-4] DEBUG c.a.q.d.P.queryProjectList -<==      Total: 18
2021-06-10 14:21:35.496 [http-nio-8085-exec-4] DEBUG c.a.q.d.P.queryProjectList -<==      Total: 18
2021-06-10 15:08:58.281 [http-nio-8085-exec-1] DEBUG c.a.q.d.U.selectAllByName -==>  Preparing: SELECT id, username, password, status FROM user_info WHERE username = ? AND status = "1" 
2021-06-10 15:08:58.281 [http-nio-8085-exec-1] DEBUG c.a.q.d.U.selectAllByName -==>  Preparing: SELECT id, username, password, status FROM user_info WHERE username = ? AND status = "1" 
2021-06-10 15:08:58.292 [http-nio-8085-exec-1] DEBUG c.a.q.d.U.selectAllByName -==> Parameters: admin(String)
2021-06-10 15:08:58.292 [http-nio-8085-exec-1] DEBUG c.a.q.d.U.selectAllByName -==> Parameters: admin(String)
2021-06-10 15:08:58.324 [http-nio-8085-exec-1] DEBUG c.a.q.d.U.selectAllByName -<==      Total: 1
2021-06-10 15:08:58.324 [http-nio-8085-exec-1] DEBUG c.a.q.d.U.selectAllByName -<==      Total: 1
2021-06-10 15:08:58.471 [http-nio-8085-exec-2] DEBUG c.a.q.d.P.queryProjectList -==>  Preparing: SELECT id,project_name as projectName,project_content as projectContent,creation_date as createDate FROM project_info WHERE 1 = 1 AND created_by = ? ORDER BY creation_date DESC 
2021-06-10 15:08:58.471 [http-nio-8085-exec-2] DEBUG c.a.q.d.P.queryProjectList -==>  Preparing: SELECT id,project_name as projectName,project_content as projectContent,creation_date as createDate FROM project_info WHERE 1 = 1 AND created_by = ? ORDER BY creation_date DESC 
2021-06-10 15:08:58.471 [http-nio-8085-exec-2] DEBUG c.a.q.d.P.queryProjectList -==> Parameters: admin(String)
2021-06-10 15:08:58.471 [http-nio-8085-exec-2] DEBUG c.a.q.d.P.queryProjectList -==> Parameters: admin(String)
2021-06-10 15:08:58.500 [http-nio-8085-exec-2] DEBUG c.a.q.d.P.queryProjectList -<==      Total: 19
2021-06-10 15:08:58.500 [http-nio-8085-exec-2] DEBUG c.a.q.d.P.queryProjectList -<==      Total: 19
2021-06-10 15:14:38.850 [http-nio-8085-exec-1] DEBUG c.a.q.d.U.selectAllByName -==>  Preparing: SELECT id, username, password, status FROM user_info WHERE username = ? AND status = "1" 
2021-06-10 15:14:38.850 [http-nio-8085-exec-1] DEBUG c.a.q.d.U.selectAllByName -==>  Preparing: SELECT id, username, password, status FROM user_info WHERE username = ? AND status = "1" 
2021-06-10 15:14:38.860 [http-nio-8085-exec-1] DEBUG c.a.q.d.U.selectAllByName -==> Parameters: admin(String)
2021-06-10 15:14:38.860 [http-nio-8085-exec-1] DEBUG c.a.q.d.U.selectAllByName -==> Parameters: admin(String)
2021-06-10 15:14:38.891 [http-nio-8085-exec-1] DEBUG c.a.q.d.U.selectAllByName -<==      Total: 1
2021-06-10 15:14:38.891 [http-nio-8085-exec-1] DEBUG c.a.q.d.U.selectAllByName -<==      Total: 1
2021-06-10 15:14:39.032 [http-nio-8085-exec-4] DEBUG c.a.q.d.P.queryProjectList -==>  Preparing: SELECT id,project_name as projectName,project_content as projectContent,creation_date as createDate FROM project_info WHERE 1 = 1 AND created_by = ? ORDER BY creation_date DESC 
2021-06-10 15:14:39.032 [http-nio-8085-exec-4] DEBUG c.a.q.d.P.queryProjectList -==>  Preparing: SELECT id,project_name as projectName,project_content as projectContent,creation_date as createDate FROM project_info WHERE 1 = 1 AND created_by = ? ORDER BY creation_date DESC 
2021-06-10 15:14:39.032 [http-nio-8085-exec-4] DEBUG c.a.q.d.P.queryProjectList -==> Parameters: admin(String)
2021-06-10 15:14:39.032 [http-nio-8085-exec-4] DEBUG c.a.q.d.P.queryProjectList -==> Parameters: admin(String)
2021-06-10 15:14:39.055 [http-nio-8085-exec-4] DEBUG c.a.q.d.P.queryProjectList -<==      Total: 0
2021-06-10 15:14:39.055 [http-nio-8085-exec-4] DEBUG c.a.q.d.P.queryProjectList -<==      Total: 0
2021-06-10 15:14:52.564 [http-nio-8085-exec-5] DEBUG c.a.q.d.U.insertSelective -==>  Preparing: insert into user_info ( id, username, password, start_time, stop_time, status, creation_date, last_update_date ) values ( ?, ?, ?, ?, ?, 1, ?, ? ) 
2021-06-10 15:14:52.564 [http-nio-8085-exec-5] DEBUG c.a.q.d.U.insertSelective -==>  Preparing: insert into user_info ( id, username, password, start_time, stop_time, status, creation_date, last_update_date ) values ( ?, ?, ?, ?, ?, 1, ?, ? ) 
2021-06-10 15:14:52.565 [http-nio-8085-exec-5] DEBUG c.a.q.d.U.insertSelective -==> Parameters: afba2a65b93e4ed49e98195f1bd42165(String), asdfasdf(String), asdfasdf(String), 2021-06-10 15:14:49.0(Timestamp), 2021-07-10 15:14:49.0(Timestamp), 2021-06-10 15:14:52.541(Timestamp), 2021-06-10 15:14:52.541(Timestamp)
2021-06-10 15:14:52.565 [http-nio-8085-exec-5] DEBUG c.a.q.d.U.insertSelective -==> Parameters: afba2a65b93e4ed49e98195f1bd42165(String), asdfasdf(String), asdfasdf(String), 2021-06-10 15:14:49.0(Timestamp), 2021-07-10 15:14:49.0(Timestamp), 2021-06-10 15:14:52.541(Timestamp), 2021-06-10 15:14:52.541(Timestamp)
2021-06-10 15:14:52.611 [http-nio-8085-exec-5] DEBUG c.a.q.d.U.insertSelective -<==    Updates: 1
2021-06-10 15:14:52.611 [http-nio-8085-exec-5] DEBUG c.a.q.d.U.insertSelective -<==    Updates: 1
2021-06-10 15:15:00.673 [http-nio-8085-exec-7] DEBUG c.a.q.d.U.selectAllByName -==>  Preparing: SELECT id, username, password, status FROM user_info WHERE username = ? AND status = "1" 
2021-06-10 15:15:00.673 [http-nio-8085-exec-7] DEBUG c.a.q.d.U.selectAllByName -==>  Preparing: SELECT id, username, password, status FROM user_info WHERE username = ? AND status = "1" 
2021-06-10 15:15:00.673 [http-nio-8085-exec-7] DEBUG c.a.q.d.U.selectAllByName -==> Parameters: admin(String)
2021-06-10 15:15:00.673 [http-nio-8085-exec-7] DEBUG c.a.q.d.U.selectAllByName -==> Parameters: admin(String)
2021-06-10 15:15:00.695 [http-nio-8085-exec-7] DEBUG c.a.q.d.U.selectAllByName -<==      Total: 1
2021-06-10 15:15:00.695 [http-nio-8085-exec-7] DEBUG c.a.q.d.U.selectAllByName -<==      Total: 1
2021-06-10 15:15:00.779 [http-nio-8085-exec-9] DEBUG c.a.q.d.P.queryProjectList -==>  Preparing: SELECT id,project_name as projectName,project_content as projectContent,creation_date as createDate FROM project_info WHERE 1 = 1 AND created_by = ? ORDER BY creation_date DESC 
2021-06-10 15:15:00.779 [http-nio-8085-exec-9] DEBUG c.a.q.d.P.queryProjectList -==>  Preparing: SELECT id,project_name as projectName,project_content as projectContent,creation_date as createDate FROM project_info WHERE 1 = 1 AND created_by = ? ORDER BY creation_date DESC 
2021-06-10 15:15:00.779 [http-nio-8085-exec-9] DEBUG c.a.q.d.P.queryProjectList -==> Parameters: admin(String)
2021-06-10 15:15:00.779 [http-nio-8085-exec-9] DEBUG c.a.q.d.P.queryProjectList -==> Parameters: admin(String)
2021-06-10 15:15:00.801 [http-nio-8085-exec-9] DEBUG c.a.q.d.P.queryProjectList -<==      Total: 0
2021-06-10 15:15:00.801 [http-nio-8085-exec-9] DEBUG c.a.q.d.P.queryProjectList -<==      Total: 0
2021-06-10 15:21:02.499 [http-nio-8085-exec-1] DEBUG c.a.q.d.U.selectAllByName -==>  Preparing: SELECT id, username, password, status FROM user_info WHERE username = ? AND status = "1" 
2021-06-10 15:21:02.499 [http-nio-8085-exec-1] DEBUG c.a.q.d.U.selectAllByName -==>  Preparing: SELECT id, username, password, status FROM user_info WHERE username = ? AND status = "1" 
2021-06-10 15:21:02.516 [http-nio-8085-exec-1] DEBUG c.a.q.d.U.selectAllByName -==> Parameters: admin(String)
2021-06-10 15:21:02.516 [http-nio-8085-exec-1] DEBUG c.a.q.d.U.selectAllByName -==> Parameters: admin(String)
2021-06-10 15:21:02.548 [http-nio-8085-exec-1] DEBUG c.a.q.d.U.selectAllByName -<==      Total: 1
2021-06-10 15:21:02.548 [http-nio-8085-exec-1] DEBUG c.a.q.d.U.selectAllByName -<==      Total: 1
2021-06-10 15:21:02.727 [http-nio-8085-exec-2] DEBUG c.a.q.d.P.queryProjectList -==>  Preparing: SELECT id,project_name as projectName,project_content as projectContent,creation_date as createDate FROM project_info WHERE 1 = 1 AND created_by = ? ORDER BY creation_date DESC 
2021-06-10 15:21:02.727 [http-nio-8085-exec-2] DEBUG c.a.q.d.P.queryProjectList -==>  Preparing: SELECT id,project_name as projectName,project_content as projectContent,creation_date as createDate FROM project_info WHERE 1 = 1 AND created_by = ? ORDER BY creation_date DESC 
2021-06-10 15:21:02.727 [http-nio-8085-exec-2] DEBUG c.a.q.d.P.queryProjectList -==> Parameters: admin(String)
2021-06-10 15:21:02.727 [http-nio-8085-exec-2] DEBUG c.a.q.d.P.queryProjectList -==> Parameters: admin(String)
2021-06-10 15:21:02.761 [http-nio-8085-exec-2] DEBUG c.a.q.d.P.queryProjectList -<==      Total: 1
2021-06-10 15:21:02.761 [http-nio-8085-exec-2] DEBUG c.a.q.d.P.queryProjectList -<==      Total: 1
2021-06-10 15:21:12.830 [http-nio-8085-exec-6] DEBUG c.a.q.d.U.insertSelective -==>  Preparing: insert into user_info ( id, username, password, start_time, stop_time, status, creation_date, last_update_date ) values ( ?, ?, ?, ?, ?, 1, ?, ? ) 
2021-06-10 15:21:12.830 [http-nio-8085-exec-6] DEBUG c.a.q.d.U.insertSelective -==>  Preparing: insert into user_info ( id, username, password, start_time, stop_time, status, creation_date, last_update_date ) values ( ?, ?, ?, ?, ?, 1, ?, ? ) 
2021-06-10 15:21:12.831 [http-nio-8085-exec-6] DEBUG c.a.q.d.U.insertSelective -==> Parameters: 8c22e6661193453fb122d840d5ea4c2b(String), 20184409(String), Cr(String), 2021-06-10 15:21:06.0(Timestamp), 2021-07-10 15:21:06.0(Timestamp), 2021-06-10 15:21:12.803(Timestamp), 2021-06-10 15:21:12.803(Timestamp)
2021-06-10 15:21:12.831 [http-nio-8085-exec-6] DEBUG c.a.q.d.U.insertSelective -==> Parameters: 8c22e6661193453fb122d840d5ea4c2b(String), 20184409(String), Cr(String), 2021-06-10 15:21:06.0(Timestamp), 2021-07-10 15:21:06.0(Timestamp), 2021-06-10 15:21:12.803(Timestamp), 2021-06-10 15:21:12.803(Timestamp)
2021-06-10 15:21:12.904 [http-nio-8085-exec-6] DEBUG c.a.q.d.U.insertSelective -<==    Updates: 1
2021-06-10 15:21:12.904 [http-nio-8085-exec-6] DEBUG c.a.q.d.U.insertSelective -<==    Updates: 1
2021-06-10 16:47:38.498 [http-nio-8085-exec-1] DEBUG c.a.q.d.U.selectAllByName -==>  Preparing: SELECT id, username, password, status FROM user_info WHERE username = ? AND status = "1" 
2021-06-10 16:47:38.498 [http-nio-8085-exec-1] DEBUG c.a.q.d.U.selectAllByName -==>  Preparing: SELECT id, username, password, status FROM user_info WHERE username = ? AND status = "1" 
2021-06-10 16:47:38.517 [http-nio-8085-exec-1] DEBUG c.a.q.d.U.selectAllByName -==> Parameters: admin(String)
2021-06-10 16:47:38.517 [http-nio-8085-exec-1] DEBUG c.a.q.d.U.selectAllByName -==> Parameters: admin(String)
2021-06-10 16:47:38.561 [http-nio-8085-exec-1] DEBUG c.a.q.d.U.selectAllByName -<==      Total: 1
2021-06-10 16:47:38.561 [http-nio-8085-exec-1] DEBUG c.a.q.d.U.selectAllByName -<==      Total: 1
2021-06-10 16:47:38.703 [http-nio-8085-exec-2] DEBUG c.a.q.d.P.queryProjectList -==>  Preparing: SELECT id,project_name as projectName,project_content as projectContent,creation_date as createDate FROM project_info WHERE 1 = 1 AND created_by = ? ORDER BY creation_date DESC 
2021-06-10 16:47:38.703 [http-nio-8085-exec-2] DEBUG c.a.q.d.P.queryProjectList -==>  Preparing: SELECT id,project_name as projectName,project_content as projectContent,creation_date as createDate FROM project_info WHERE 1 = 1 AND created_by = ? ORDER BY creation_date DESC 
2021-06-10 16:47:38.704 [http-nio-8085-exec-2] DEBUG c.a.q.d.P.queryProjectList -==> Parameters: admin(String)
2021-06-10 16:47:38.704 [http-nio-8085-exec-2] DEBUG c.a.q.d.P.queryProjectList -==> Parameters: admin(String)
2021-06-10 16:47:38.731 [http-nio-8085-exec-2] DEBUG c.a.q.d.P.queryProjectList -<==      Total: 2
2021-06-10 16:47:38.731 [http-nio-8085-exec-2] DEBUG c.a.q.d.P.queryProjectList -<==      Total: 2
2021-06-10 16:47:48.739 [http-nio-8085-exec-5] DEBUG c.a.q.d.U.insertSelective -==>  Preparing: insert into user_info ( id, username, password, start_time, stop_time, created_by, creation_date, last_updated_by, last_update_date ) values ( ?, ?, ?, ?, ?, ?, ?, ?, ? ) 
2021-06-10 16:47:48.739 [http-nio-8085-exec-5] DEBUG c.a.q.d.U.insertSelective -==>  Preparing: insert into user_info ( id, username, password, start_time, stop_time, created_by, creation_date, last_updated_by, last_update_date ) values ( ?, ?, ?, ?, ?, ?, ?, ?, ? ) 
2021-06-10 16:47:48.740 [http-nio-8085-exec-5] DEBUG c.a.q.d.U.insertSelective -==> Parameters: 699a8fe94c5f41bfb871bbaf4fe8526d(String), CrTest(String), asdfasdf(String), 2021-06-10 16:47:41.0(Timestamp), 2021-07-10 16:47:41.0(Timestamp), admin(String), 2021-06-10 16:47:48.712(Timestamp), admin(String), 2021-06-10 16:47:48.712(Timestamp)
2021-06-10 16:47:48.740 [http-nio-8085-exec-5] DEBUG c.a.q.d.U.insertSelective -==> Parameters: 699a8fe94c5f41bfb871bbaf4fe8526d(String), CrTest(String), asdfasdf(String), 2021-06-10 16:47:41.0(Timestamp), 2021-07-10 16:47:41.0(Timestamp), admin(String), 2021-06-10 16:47:48.712(Timestamp), admin(String), 2021-06-10 16:47:48.712(Timestamp)
2021-06-10 16:47:48.792 [http-nio-8085-exec-5] DEBUG c.a.q.d.U.insertSelective -<==    Updates: 1
2021-06-10 16:47:48.792 [http-nio-8085-exec-5] DEBUG c.a.q.d.U.insertSelective -<==    Updates: 1
2021-06-10 16:49:20.405 [http-nio-8085-exec-9] DEBUG c.a.q.d.U.selectAllByName -==>  Preparing: SELECT id, username, password, status FROM user_info WHERE username = ? AND status = "1" 
2021-06-10 16:49:20.405 [http-nio-8085-exec-9] DEBUG c.a.q.d.U.selectAllByName -==>  Preparing: SELECT id, username, password, status FROM user_info WHERE username = ? AND status = "1" 
2021-06-10 16:49:20.406 [http-nio-8085-exec-9] DEBUG c.a.q.d.U.selectAllByName -==> Parameters: admin(String)
2021-06-10 16:49:20.406 [http-nio-8085-exec-9] DEBUG c.a.q.d.U.selectAllByName -==> Parameters: admin(String)
2021-06-10 16:49:20.433 [http-nio-8085-exec-9] DEBUG c.a.q.d.U.selectAllByName -<==      Total: 1
2021-06-10 16:49:20.433 [http-nio-8085-exec-9] DEBUG c.a.q.d.U.selectAllByName -<==      Total: 1
2021-06-10 16:49:20.509 [http-nio-8085-exec-4] DEBUG c.a.q.d.P.queryProjectList -==>  Preparing: SELECT id,project_name as projectName,project_content as projectContent,creation_date as createDate FROM project_info WHERE 1 = 1 AND created_by = ? ORDER BY creation_date DESC 
2021-06-10 16:49:20.509 [http-nio-8085-exec-4] DEBUG c.a.q.d.P.queryProjectList -==>  Preparing: SELECT id,project_name as projectName,project_content as projectContent,creation_date as createDate FROM project_info WHERE 1 = 1 AND created_by = ? ORDER BY creation_date DESC 
2021-06-10 16:49:20.510 [http-nio-8085-exec-4] DEBUG c.a.q.d.P.queryProjectList -==> Parameters: admin(String)
2021-06-10 16:49:20.510 [http-nio-8085-exec-4] DEBUG c.a.q.d.P.queryProjectList -==> Parameters: admin(String)
2021-06-10 16:49:20.536 [http-nio-8085-exec-4] DEBUG c.a.q.d.P.queryProjectList -<==      Total: 2
2021-06-10 16:49:20.536 [http-nio-8085-exec-4] DEBUG c.a.q.d.P.queryProjectList -<==      Total: 2
2021-06-10 16:50:55.094 [http-nio-8085-exec-3] DEBUG c.a.q.d.U.insertSelective -==>  Preparing: insert into user_info ( id, username, password, start_time, stop_time, status, created_by, creation_date, last_updated_by, last_update_date ) values ( ?, ?, ?, ?, ?, 1, ?, ?, ?, ? ) 
2021-06-10 16:50:55.094 [http-nio-8085-exec-3] DEBUG c.a.q.d.U.insertSelective -==>  Preparing: insert into user_info ( id, username, password, start_time, stop_time, status, created_by, creation_date, last_updated_by, last_update_date ) values ( ?, ?, ?, ?, ?, 1, ?, ?, ?, ? ) 
2021-06-10 16:50:55.106 [http-nio-8085-exec-3] DEBUG c.a.q.d.U.insertSelective -==> Parameters: 4a096d19ab084a46a7c7d0d4f8b37c5e(String), test1(String), asdfnull(String), 2021-06-10 16:50:47.0(Timestamp), 2021-07-10 16:50:47.0(Timestamp), admin(String), 2021-06-10 16:50:55.049(Timestamp), admin(String), 2021-06-10 16:50:55.049(Timestamp)
2021-06-10 16:50:55.106 [http-nio-8085-exec-3] DEBUG c.a.q.d.U.insertSelective -==> Parameters: 4a096d19ab084a46a7c7d0d4f8b37c5e(String), test1(String), asdfnull(String), 2021-06-10 16:50:47.0(Timestamp), 2021-07-10 16:50:47.0(Timestamp), admin(String), 2021-06-10 16:50:55.049(Timestamp), admin(String), 2021-06-10 16:50:55.049(Timestamp)
2021-06-10 16:50:55.156 [http-nio-8085-exec-3] DEBUG c.a.q.d.U.insertSelective -<==    Updates: 1
2021-06-10 16:50:55.156 [http-nio-8085-exec-3] DEBUG c.a.q.d.U.insertSelective -<==    Updates: 1
2021-06-10 16:51:53.363 [http-nio-8085-exec-2] DEBUG c.a.q.d.U.insertSelective -==>  Preparing: insert into user_info ( id, username, password, start_time, stop_time, status, created_by, creation_date, last_updated_by, last_update_date ) values ( ?, ?, ?, ?, ?, 1, ?, ?, ?, ? ) 
2021-06-10 16:51:53.363 [http-nio-8085-exec-2] DEBUG c.a.q.d.U.insertSelective -==>  Preparing: insert into user_info ( id, username, password, start_time, stop_time, status, created_by, creation_date, last_updated_by, last_update_date ) values ( ?, ?, ?, ?, ?, 1, ?, ?, ?, ? ) 
2021-06-10 16:51:53.375 [http-nio-8085-exec-2] DEBUG c.a.q.d.U.insertSelective -==> Parameters: fbb51980f68847aaa8c303b14a8c079d(String), test2(String), asdftt(String), 2021-06-10 16:51:46.0(Timestamp), 2021-07-10 16:51:46.0(Timestamp), admin(String), 2021-06-10 16:51:53.318(Timestamp), admin(String), 2021-06-10 16:51:53.318(Timestamp)
2021-06-10 16:51:53.375 [http-nio-8085-exec-2] DEBUG c.a.q.d.U.insertSelective -==> Parameters: fbb51980f68847aaa8c303b14a8c079d(String), test2(String), asdftt(String), 2021-06-10 16:51:46.0(Timestamp), 2021-07-10 16:51:46.0(Timestamp), admin(String), 2021-06-10 16:51:53.318(Timestamp), admin(String), 2021-06-10 16:51:53.318(Timestamp)
2021-06-10 16:51:53.429 [http-nio-8085-exec-2] DEBUG c.a.q.d.U.insertSelective -<==    Updates: 1
2021-06-10 16:51:53.429 [http-nio-8085-exec-2] DEBUG c.a.q.d.U.insertSelective -<==    Updates: 1
