2021-06-10 11:07:42.394 [main] INFO  c.a.q.QuestionnairewebadminApplication -Starting QuestionnairewebadminApplication v0.0.1-SNAPSHOT on Avery-xps15 with PID 2252 (D:\Java Project\anwserQuestionnaire\target\questionnairewebadmin-0.0.1-SNAPSHOT.jar started by avery in D:\Java Project\anwserQuestionnaire\target)
2021-06-10 11:07:42.396 [main] INFO  c.a.q.QuestionnairewebadminApplication -The following profiles are active: dev
2021-06-10 11:07:42.445 [main] INFO  o.s.b.w.s.c.AnnotationConfigServletWebServerApplicationContext -Refreshing org.springframework.boot.web.servlet.context.AnnotationConfigServletWebServerApplicationContext@be64738: startup date [Thu Jun 10 11:07:42 CST 2021]; root of context hierarchy
2021-06-10 11:07:42.994 [main] INFO  o.s.d.r.c.RepositoryConfigurationDelegate -Multiple Spring Data modules found, entering strict repository configuration mode!
2021-06-10 11:07:43.395 [main] INFO  o.s.c.s.PostProcessorRegistrationDelegate$BeanPostProcessorChecker -Bean 'org.springframework.transaction.annotation.ProxyTransactionManagementConfiguration' of type [org.springframework.transaction.annotation.ProxyTransactionManagementConfiguration$$EnhancerBySpringCGLIB$$7ec883ec] is not eligible for getting processed by all BeanPostProcessors (for example: not eligible for auto-proxying)
2021-06-10 11:07:43.867 [main] INFO  o.s.b.w.e.tomcat.TomcatWebServer -Tomcat initialized with port(s): 8085 (http)
2021-06-10 11:07:43.878 [main] INFO  o.a.coyote.http11.Http11NioProtocol -Initializing ProtocolHandler ["http-nio-8085"]
2021-06-10 11:07:43.887 [main] INFO  o.a.catalina.core.StandardService -Starting service [Tomcat]
2021-06-10 11:07:43.888 [main] INFO  o.a.catalina.core.StandardEngine -Starting Servlet Engine: Apache Tomcat/8.5.32
2021-06-10 11:07:43.894 [localhost-startStop-1] INFO  o.a.c.core.AprLifecycleListener -The APR based Apache Tomcat Native library which allows optimal performance in production environments was not found on the java.library.path: [D:\Java\Java-15\bin;C:\WINDOWS\Sun\Java\bin;C:\WINDOWS\system32;C:\WINDOWS;C:\Program Files (x86)\Google\Chrome\Application;C:\Program Files\Common Files\Oracle\Java\javapath;C:\Program Files\MySQL\MySQL Server 8.0\bin;D:\Cuda\NVIDIA GPU Computing Toolkit\v10.1\bin;D:\Cuda\NVIDIA GPU Computing Toolkit\v10.1\libnvvp;D:\python38\Scripts\;D:\python38\;D:\Python27\;C:\Perl64\site\bin;C:\Perl64\bin;D:\xshell&xftp\Xftp 6\;D:\xshell&xftp\Xshell 6\;C:\Program Files (x86)\Intel\Intel(R) Management Engine Components\iCLS\;C:\Program Files\Intel\Intel(R) Management Engine Components\iCLS\;C:\Windows\system32;C:\Windows;C:\Windows\System32\Wbem;C:\Windows\System32\WindowsPowerShell\v1.0\;C:\Windows\System32\OpenSSH\;C:\Program Files (x86)\NVIDIA Corporation\PhysX\Common;C:\Program Files (x86)\Intel\Intel(R) Management Engine Components\DAL;C:\Program Files\Intel\Intel(R) Management Engine Components\DAL;C:\Program Files\NVIDIA Corporation\NVIDIA NvDLISR;C:\Program Files\dotnet\;C:\WINDOWS\system32;C:\WINDOWS;C:\WINDOWS\System32\Wbem;C:\WINDOWS\System32\WindowsPowerShell\v1.0\;C:\WINDOWS\System32\OpenSSH\;D:\Java\Java-15\bin;D:\flex\GnuWin32\bin;D:\Matlab2018a\Matlab2018a\runtime\win64;D:\Matlab2018a\Matlab2018a\bin;D:\MinGW\MinGW\bin;C:\Program Files\PowerShell\7\;C:\Program Files\NVIDIA Corporation\Nsight Compute 2019.4.0\;D:\Git\cmd;C:\Program Files (x86)\GtkSharp\2.12\bin;C:\Program Files\MySQL\MySQL Shell 8.0\bin\;C:\Users\avery\AppData\Local\Microsoft\WindowsApps;D:\Jetbrains\CLion\CLion 2019.3.4\bin;D:\Jetbrains\PyCharm\PyCharm 2019.3.3\bin;D:\Quartus\QuartusLite19.1\modelsim_ase\win32aloem;D:\VS Code\bin;D:\MiKTeX\MiKTeX 2.9\miktex\bin\x64\;C:\Users\avery\AppData\Local\GitHubDesktop\bin;C:\User\avery\AppData\Local\Google\Chrome\Application;.]
2021-06-10 11:07:43.961 [localhost-startStop-1] INFO  o.a.c.c.C.[Tomcat].[localhost].[/] -Initializing Spring embedded WebApplicationContext
2021-06-10 11:07:43.961 [localhost-startStop-1] INFO  o.s.web.context.ContextLoader -Root WebApplicationContext: initialization completed in 1516 ms
2021-06-10 11:07:44.049 [localhost-startStop-1] INFO  o.s.b.w.s.ServletRegistrationBean -Servlet dispatcherServlet mapped to [/]
2021-06-10 11:07:44.052 [localhost-startStop-1] INFO  o.s.b.w.s.FilterRegistrationBean -Mapping filter: 'characterEncodingFilter' to: [/*]
2021-06-10 11:07:44.053 [localhost-startStop-1] INFO  o.s.b.w.s.FilterRegistrationBean -Mapping filter: 'hiddenHttpMethodFilter' to: [/*]
2021-06-10 11:07:44.053 [localhost-startStop-1] INFO  o.s.b.w.s.FilterRegistrationBean -Mapping filter: 'httpPutFormContentFilter' to: [/*]
2021-06-10 11:07:44.053 [localhost-startStop-1] INFO  o.s.b.w.s.FilterRegistrationBean -Mapping filter: 'requestContextFilter' to: [/*]
2021-06-10 11:07:44.053 [localhost-startStop-1] INFO  o.s.b.w.s.FilterRegistrationBean -Mapping filter: 'corsFilter' to: [/*]
2021-06-10 11:07:44.414 [main] INFO  o.s.w.s.h.SimpleUrlHandlerMapping -Mapped URL path [/**/favicon.ico] onto handler of type [class org.springframework.web.servlet.resource.ResourceHttpRequestHandler]
2021-06-10 11:07:44.683 [main] INFO  o.s.w.s.m.m.a.RequestMappingHandlerAdapter -Looking for @ControllerAdvice: org.springframework.boot.web.servlet.context.AnnotationConfigServletWebServerApplicationContext@be64738: startup date [Thu Jun 10 11:07:42 CST 2021]; root of context hierarchy
2021-06-10 11:07:44.735 [main] INFO  o.s.w.s.m.m.a.RequestMappingHandlerMapping -Mapped "{[/queryProjectList],methods=[POST],produces=[application/json]}" onto public com.aim.questionnaire.beans.HttpResponseEntity com.aim.questionnaire.controller.ProjectController.queryProjectList(com.aim.questionnaire.dao.entity.ProjectEntity)
2021-06-10 11:07:44.736 [main] INFO  o.s.w.s.m.m.a.RequestMappingHandlerMapping -Mapped "{[/deleteProjectById],methods=[POST],produces=[application/json]}" onto public com.aim.questionnaire.beans.HttpResponseEntity com.aim.questionnaire.controller.ProjectController.deleteProjectById(com.aim.questionnaire.dao.entity.ProjectEntity)
2021-06-10 11:07:44.737 [main] INFO  o.s.w.s.m.m.a.RequestMappingHandlerMapping -Mapped "{[/addProjectInfo],methods=[POST],produces=[application/json]}" onto public com.aim.questionnaire.beans.HttpResponseEntity com.aim.questionnaire.controller.ProjectController.addProjectInfo(com.aim.questionnaire.dao.entity.ProjectEntity)
2021-06-10 11:07:44.737 [main] INFO  o.s.w.s.m.m.a.RequestMappingHandlerMapping -Mapped "{[/modifyProjectInfo],methods=[POST],produces=[application/json]}" onto public com.aim.questionnaire.beans.HttpResponseEntity com.aim.questionnaire.controller.ProjectController.modifyProjectInfo(com.aim.questionnaire.dao.entity.ProjectEntity)
2021-06-10 11:07:44.737 [main] INFO  o.s.w.s.m.m.a.RequestMappingHandlerMapping -Mapped "{[/queryAllProjectName],methods=[POST],produces=[application/json]}" onto public com.aim.questionnaire.beans.HttpResponseEntity com.aim.questionnaire.controller.ProjectController.queryAllProjectName()
2021-06-10 11:07:44.739 [main] INFO  o.s.w.s.m.m.a.RequestMappingHandlerMapping -Mapped "{[/admin/userLogin],methods=[POST],produces=[application/json]}" onto public com.aim.questionnaire.beans.HttpResponseEntity com.aim.questionnaire.controller.UserController.userLogin(java.util.Map<java.lang.String, java.lang.Object>)
2021-06-10 11:07:44.739 [main] INFO  o.s.w.s.m.m.a.RequestMappingHandlerMapping -Mapped "{[/admin/addUserInfo],methods=[POST],produces=[application/json]}" onto public com.aim.questionnaire.beans.HttpResponseEntity com.aim.questionnaire.controller.UserController.addUser(java.util.Map<java.lang.String, java.lang.Object>)
2021-06-10 11:07:44.741 [main] INFO  o.s.w.s.m.m.a.RequestMappingHandlerMapping -Mapped "{[/error]}" onto public org.springframework.http.ResponseEntity<java.util.Map<java.lang.String, java.lang.Object>> org.springframework.boot.autoconfigure.web.servlet.error.BasicErrorController.error(javax.servlet.http.HttpServletRequest)
2021-06-10 11:07:44.741 [main] INFO  o.s.w.s.m.m.a.RequestMappingHandlerMapping -Mapped "{[/error],produces=[text/html]}" onto public org.springframework.web.servlet.ModelAndView org.springframework.boot.autoconfigure.web.servlet.error.BasicErrorController.errorHtml(javax.servlet.http.HttpServletRequest,javax.servlet.http.HttpServletResponse)
2021-06-10 11:07:44.767 [main] INFO  o.s.w.s.h.SimpleUrlHandlerMapping -Mapped URL path [/webjars/**] onto handler of type [class org.springframework.web.servlet.resource.ResourceHttpRequestHandler]
2021-06-10 11:07:44.768 [main] INFO  o.s.w.s.h.SimpleUrlHandlerMapping -Mapped URL path [/**] onto handler of type [class org.springframework.web.servlet.resource.ResourceHttpRequestHandler]
2021-06-10 11:07:45.346 [main] INFO  com.zaxxer.hikari.HikariDataSource -HikariPool-1 - Starting...
2021-06-10 11:07:45.776 [main] INFO  com.zaxxer.hikari.HikariDataSource -HikariPool-1 - Start completed.
2021-06-10 11:07:45.821 [main] INFO  org.quartz.impl.StdSchedulerFactory -Using default implementation for ThreadExecutor
2021-06-10 11:07:45.832 [main] INFO  o.quartz.core.SchedulerSignalerImpl -Initialized Scheduler Signaller of type: class org.quartz.core.SchedulerSignalerImpl
2021-06-10 11:07:45.833 [main] INFO  org.quartz.core.QuartzScheduler -Quartz Scheduler v.2.2.1 created.
2021-06-10 11:07:45.834 [main] INFO  org.quartz.simpl.RAMJobStore -RAMJobStore initialized.
2021-06-10 11:07:45.835 [main] INFO  org.quartz.core.QuartzScheduler -Scheduler meta-data: Quartz Scheduler (v2.2.1) 'quartzScheduler' with instanceId 'NON_CLUSTERED'
  Scheduler class: 'org.quartz.core.QuartzScheduler' - running locally.
  NOT STARTED.
  Currently in standby mode.
  Number of jobs executed: 0
  Using thread pool 'org.quartz.simpl.SimpleThreadPool' - with 10 threads.
  Using job-store 'org.quartz.simpl.RAMJobStore' - which does not support persistence. and is not clustered.

2021-06-10 11:07:45.835 [main] INFO  org.quartz.impl.StdSchedulerFactory -Quartz scheduler 'quartzScheduler' initialized from an externally provided properties instance.
2021-06-10 11:07:45.835 [main] INFO  org.quartz.impl.StdSchedulerFactory -Quartz scheduler version: 2.2.1
2021-06-10 11:07:45.835 [main] INFO  org.quartz.core.QuartzScheduler -JobFactory set to: org.springframework.boot.autoconfigure.quartz.AutowireCapableBeanJobFactory@8b91134
2021-06-10 11:07:45.919 [main] INFO  o.s.j.e.a.AnnotationMBeanExporter -Registering beans for JMX exposure on startup
2021-06-10 11:07:45.920 [main] INFO  o.s.j.e.a.AnnotationMBeanExporter -Bean with name 'dataSource' has been autodetected for JMX exposure
2021-06-10 11:07:45.924 [main] INFO  o.s.j.e.a.AnnotationMBeanExporter -Located MBean 'dataSource': registering with JMX server as MBean [com.zaxxer.hikari:name=dataSource,type=HikariDataSource]
2021-06-10 11:07:45.928 [main] INFO  o.s.c.s.DefaultLifecycleProcessor -Starting beans in phase 2147483647
2021-06-10 11:07:45.928 [main] INFO  o.s.s.quartz.SchedulerFactoryBean -Starting Quartz Scheduler now
2021-06-10 11:07:45.928 [main] INFO  org.quartz.core.QuartzScheduler -Scheduler quartzScheduler_$_NON_CLUSTERED started.
2021-06-10 11:07:45.938 [main] INFO  o.a.coyote.http11.Http11NioProtocol -Starting ProtocolHandler ["http-nio-8085"]
2021-06-10 11:07:45.946 [main] INFO  o.a.coyote.http11.Http11NioProtocol -Pausing ProtocolHandler ["http-nio-8085"]
2021-06-10 11:07:45.946 [main] INFO  o.a.catalina.core.StandardService -Stopping service [Tomcat]
2021-06-10 11:07:45.954 [main] INFO  o.apache.catalina.util.LifecycleBase -The stop() method was called on component [StandardServer[-1]] after stop() had already been called. The second call will be ignored.
2021-06-10 11:07:45.954 [main] INFO  o.a.coyote.http11.Http11NioProtocol -Stopping ProtocolHandler ["http-nio-8085"]
2021-06-10 11:07:45.954 [main] INFO  o.a.coyote.http11.Http11NioProtocol -Destroying ProtocolHandler ["http-nio-8085"]
2021-06-10 11:07:45.956 [main] INFO  o.s.b.a.l.ConditionEvaluationReportLoggingListener -

Error starting ApplicationContext. To display the conditions report re-run your application with 'debug' enabled.
2021-06-10 11:07:45.959 [main] INFO  o.s.b.w.s.c.AnnotationConfigServletWebServerApplicationContext -Closing org.springframework.boot.web.servlet.context.AnnotationConfigServletWebServerApplicationContext@be64738: startup date [Thu Jun 10 11:07:42 CST 2021]; root of context hierarchy
2021-06-10 11:07:45.960 [main] INFO  o.s.c.s.DefaultLifecycleProcessor -Stopping beans in phase 2147483647
2021-06-10 11:07:45.961 [main] INFO  org.quartz.core.QuartzScheduler -Scheduler quartzScheduler_$_NON_CLUSTERED paused.
2021-06-10 11:07:45.961 [main] INFO  o.s.s.quartz.SchedulerFactoryBean -Shutting down Quartz Scheduler
2021-06-10 11:07:45.961 [main] INFO  org.quartz.core.QuartzScheduler -Scheduler quartzScheduler_$_NON_CLUSTERED shutting down.
2021-06-10 11:07:45.961 [main] INFO  org.quartz.core.QuartzScheduler -Scheduler quartzScheduler_$_NON_CLUSTERED paused.
2021-06-10 11:07:45.961 [main] INFO  org.quartz.core.QuartzScheduler -Scheduler quartzScheduler_$_NON_CLUSTERED shutdown complete.
2021-06-10 11:07:45.971 [main] INFO  o.s.j.e.a.AnnotationMBeanExporter -Unregistering JMX-exposed beans on shutdown
2021-06-10 11:07:45.972 [main] INFO  o.s.j.e.a.AnnotationMBeanExporter -Unregistering JMX-exposed beans
2021-06-10 11:07:45.973 [main] INFO  com.zaxxer.hikari.HikariDataSource -HikariPool-1 - Shutdown initiated...
2021-06-10 11:07:46.087 [main] INFO  com.zaxxer.hikari.HikariDataSource -HikariPool-1 - Shutdown completed.
